999
-1
0
-1
-1
-1
-1
-1
-1
-1
-1
-1
43
-1
-1
-1
-1
-1
-1
-1
-1
-1
-1
-1
-1
-1
-1
-1
-1
-1
-1
-1
-1
-1
-1
-1
-1
-1
-1
140
-1
-1
29
-1
-1
-1
-1
-1
-1
-1
562
-1
-1
-1
-1
-1
93
-1
-1
-1
-1
-1
-1
-1
-1
-1
-1
-1
-1
318
-1
-1
-1
-1
371
178
-1
-1
-1
-1
-1
262
-1
-1
-1
-1
-1
-1
-1
-1
-1
-1
399
-1
102
-1
-1
-1
-1
-1
-1
401
-1
-1
-1
-1
-1
-1
-1
-1
-1
-1
-1
-1
-1
-1
-1
-1
-1
-1
-1
-1
-1
-1
-1
-1
0
-1
-1
-1
104
-1
-1
-1
-1
-1
-1
-1
104
-1
-1
-1
-1
-1
-1
-1
-1
-1
-1
-1
96
-1
-1
-1
-1
-1
-1
-1
326
-1
-1
-1
-1
-1
-1
-1
-1
-1
-1
-1
-1
-1
-1
-1
-1
-1
-1
-1
-1
-1
-1
-1
-1
80
-1
-1
-1
-1
-1
-1
-1
-1
-1
-1
-1
-1
-1
-1
-1
-1
-1
-1
-1
-1
-1
-1
-1
-1
-1
427
-1
-1
-1
341
-1
-1
-1
-1
-1
-1
274
-1
-1
-1
-1
-1
-1
-1
-1
-1
-1
-1
-1
-1
-1
-1
-1
-1
46
-1
-1
-1
-1
-1
-1
-1
-1
162
104
-1
-1
58
-1
-1
-1
-1
-1
-1
42
