60536
189728
7929
117544
50759
430248
235409
484689
206061
341464
316995
190088
236554
133520
364286
34328
126919
441065
283303
158749
236312
395768
449752
361310
486540
263000
47286
444115
14872
157347
27382
244055
205596
440983
12988
81418
168963
451051
5584
330951
485132
199691
168255
33426
109716
102000
425770
89571
165879
134596
50401
309096
383750
55030
73762
202918
409613
79371
141840
175455
338113
178839
325206
491637
441322
217626
195919
337124
452161
354810
160591
206580
344900
135682
381773
157495
435582
91295
215300
27682
164792
67153
200758
189583
256135
80402
6195
23907
85312
83918
47229
60430
75595
427661
249891
490978
263963
445809
358364
217522
221863
162604
449802
402620
194865
331575
122358
46978
72887
181939
210105
162961
232189
139967
8109
186672
365136
398647
396305
382360
56832
198483
458393
347817
137496
453920
97466
50635
175497
212932
84681
61136
246089
224380
374272
129594
193847
27229
268843
25295
442184
424445
9193
419412
172731
315802
110164
459647
52181
175642
161176
1765
202664
106162
69939
118154
319126
394229
45697
475956
12955
171716
396075
140627
181961
321879
20023
143056
41480
394107
25247
82071
413247
289875
382088
150122
406488
24489
282424
65713
26894
179325
9499
401473
462763
254496
354946
112723
179002
290426
339650
123523
411907
408151
471268
35843
243879
73146
325362
385598
240461
405039
216980
218151
320424
109090
171621
230062
64854
72466
356022
180444
320866
142894
256634
70961
51564
431660
252500
271311
106970
199560
269110
153158
280549
47292
497027
131154
446817
86893
439885
364805
147766
282223
404574
20226
236033
338911
14818
230293
441420
259450
62645
410941
320658
151368
239003
83580
157536
155552
363503
393825
239477
439527
151464
108986
352316
249964
308209
317235
146799
47149
111517
396394
161213
148314
313768
361508
45312
136470
438645
294079
268901
80809
303430
302761
227165
42433
278510
372579
332874
137508
192179
132003
304116
404840
258627
182509
73098
391662
218636
417878
245106
62794
13063
443245
229542
282667
449023
280146
17612
172836
56913
169562
227984
227874
141988
17080
368793
415992
34744
86246
213011
209607
32655
383424
225282
49286
208586
483670
122954
443433
158650
9714
488219
31232
418686
55512
82838
44824
168899
21614
86442
336306
279024
401432
113877
149259
31756
369076
48494
471461
162158
479596
368735
289699
319868
215041
198278
267698
105248
22323
190941
350553
372644
396265
40438
291329
343231
264129
188728
112628
249436
428616
36067
85405
87150
412679
232374
118906
319078
83781
401748
467042
129467
17366
362979
31215
105530
238656
185174
285835
466834
143964
204097
409996
140009
136378
391503
30148
408598
61149
474462
24501
74749
59054
46596
294301
427591
26153
88439
254109
171049
86569
36710
254218
23403
229855
129309
223139
391981
77006
8781
499498
218514
375129
212496
323346
35494
357505
285612
220517
337541
260073
310579
433358
486538
353919
499534
128868
373002
243408
344089
44050
432861
301702
310751
13363
376049
59472
106474
268029
120585
141199
65362
16401
250717
294775
117706
23244
490566
160419
306442
471660
177594
73548
362573
144230
240283
324701
397790
38992
113261
33181
311006
202608
84716
19267
427278
88328
38262
263515
38659
13324
341030
406504
388629
297643
357561
283274
99253
467937
51953
278665
173709
378388
216767
286277
6744
310648
131563
360001
246259
367413
212726
185622
221512
350205
429262
441074
101823
19819
231926
159492
114140
406874
333615
393023
476045
143751
479007
39396
283162
108698
305287
347264
42787
22509
36871
66818
26166
418623
276177
388308
473931
98452
310789
19212
404879
29793
494862
25713
44159
15558
185205
172633
397479
38606
11097
96238
154081
83224
2661
136192
336304
303785
203174
154413
299798
47771
332976
251920
37691
147596
424272
168851
199138
333505
334279
104017
84160
341387
129729
388335
38984
72035
334587
179479
145127
292360
370272
68726
35935
56926
74786
52527
206734
341657
443345
269348
264135
83542
73523
398219
16267
240976
171993
109635
337425
6271
478987
18385
369352
211937
303687
26163
194955
224787
435138
146979
266632
303905
220759
14849
360830
18797
194830
472259
142180
246355
396097
270329
311938
466344
211550
92737
473832
251617
314323
162439
146914
208714
16596
312377
7172
210988
200237
354080
226114
312050
267492
459507
8980
286668
57296
465418
62567
352476
148259
286464
41300
83614
402691
153263
400346
445222
101213
43501
12680
164039
72284
19377
457348
306731
496110
13028
330437
151609
484758
85101
301974
459734
482820
323720
103645
66098
138031
435884
65163
135158
212612
445860
210586
230687
252492
461718
217415
102208
262320
199123
410486
61623
47571
163152
211154
68898
465397
393759
405532
96131
267553
211531
150029
61927
25663
373453
111520
279933
122867
115655
207545
191850
436738
87124
293896
21938
162778
196860
42938
252687
484734
281913
316680
346700
295478
284936
374336
7046
279838
399921
384030
391650
348039
354164
240406
223214
55082
366888
11451
116663
78895
53661
171510
289042
164372
24653
240044
314439
413364
136003
20630
51142
10909
370298
350939
3366
155234
227415
167318
495963
208068
228897
158697
57467
366503
140459
161223
213973
7347
327659
45401
183564
343169
365141
367081
390280
473390
484916
435693
256539
49604
78586
240031
298435
248057
348072
462644
452276
5095
54966
448238
162013
3192
364037
455617
381373
4495
119348
95345
173860
204108
222478
72776
206251
154116
361969
334319
127505
28966
388258
120399
114303
484067
117532
435370
61880
465603
223200
226470
186481
171781
35555
499246
415537
245620
153817
296909
321460
67409
186843
357863
153426
375782
357683
44727
129067
63222
123827
477052
135846
21313
226627
73223
179419
472084
272765
460528
269843
197537
451016
349932
230759
389741
365062
132095
190614
313123
186106
271064
491568
434101
122993
166250
316771
135274
455476
123336
408217
247721
354992
59920
209163
476276
195033
347376
184125
313665
65007
52011
175222
341511
467399
218462
331136
182932
107659
31350
402685
293764
397736
494836
486069
348769
17920
6123
308451
234894
451354
142579
76795
180236
266985
224319
145733
242712
71695
51308
255789
446992
138079
48879
409823
135963
24443
329789
304859
408410
210868
219433
425863
81494
65704
3462
312872
27504
46639
104860
361572
47933
281423
48172
159584
90412
29592
35173
36451
432140
86480
221537
373613
208478
209917
78915
301221
418788
491800
144393
225655
273201
305226
289955
12715
337586
80564
68271
96113
309965
118643
149815
337017
27988
103859
5007
129125
138507
40179
205779
187504
383759
46520
41761
65776
245339
356402
133636
196648
43366
146502
39163
454426
241664
180680
101802
472062
84378
357962
259918
196336
207638
36983
49288
496672
391296
311396
399158
141497
108676
144807
354430
492434
121875
172167
227904
311441
186533
88353
243228
446314
142967
320022
8153
328771
132146
418207
375202
378531
453455
344386
234190
103398
299352
132144
112219
291420
110992
448889
211593
53318
198025
359282
45752
3053
153939
3791
274460
143421
103709
75303
181985
56022
118755
343313
459161
2370
18622
91465
225476
113909
353834
15703
193636
97564
442685
10600
157
172194
291657
438729
359308
495358
17726
243498
13976
131905
439240
165479
106986
71171
305531
227833
356215
409581
118032
214150
482390
187427
449287
54702
288867
66981
364138
247036
213407
306822
7305
172214
242028
276753
97355
405022
64178
36436
149597
253881
131546
88836
321762
62367
276700
293279
434007
106220
320592
188193
183740
69536
50909
42008
139755
3229
468778
307870
119028
14769
286733
155113
111499
260650
35675
267785
166748
93574
235540
316344
12550
413177
26889
322837
245015
350860
340059
239596
438102
48091
285979
1109
374728
6211
355242
256066
286729
377617
106724
237043
471090
68042
375647
339690
185212
59029
331096
252540
67642
389105
296324
341250
59384
231164
197546
225295
82024
248224
377034
58674
53416
342923
424901
185246
215885
237624
422350
11712
26531
308163
224942
254722
235556
289194
155484
442426
380319
137028
216112
47619
211685
237956
67552
164577
57634
216913
389870
139831
222238
336985
125416
120852
179907
137251
460897
111175
220453
89393
54955
156062
116364
293581
160497
236864
390951
8369
217406
308933
312203
460391
373949
82820
312329
335557
381712
482865
141701
60776
117471
209154
65929
36593
92481
27465
340
340320
56639
75546
481415
344032
141993
165494
483452
58783
140810
122520
98877
132683
191373
411079
396879
378588
379628
79857
245364
284319
199134
112694
396493
198800
115425
118072
118882
51312
52684
384959
268337
11537
18524
435833
112670
495746
255978
171659
220309
80581
288187
2045
104582
222990
214206
258563
324130
336937
474832
69494
12522
409990
377387
20149
129867
143146
55905
284935
144225
132623
78497
430282
125801
230067
189203
341399
257493
332310
138660
137418
256078
190746
234801
62060
86164
285869
24404
378095
127858
351154
236888
4772
43458
329270
256966
82783
331927
148772
48651
326461
5934
380482
257201
388835
11563
123773
173490
7615
299269
359679
402134
102576
69632
185703
253818
14191
207557
49429
159052
338608
400582
120171
59281
439903
42311
55116
184569
127868
222119
171946
214902
485154
126177
472101
131091
480676
10323
272599
141758
152244
385942
390422
25895
436766
284458
359156
353641
421756
430123
451709
139252
416312
67419
455634
284811
109729
165599
151004
241067
8203
165616
253348
17321
310259
151210
208385
492384
346322
217341
69448
327482
484545
372620
128609
38928
470154
38390
156079
397452
190895
114464
267493
104332
121235
52767
73895
48712
424099
260819
9305
270725
83767
157387
439860
47095
51972
237869
264234
240365
232653
71212
468965
330627
129090
300311
55121
177381
161171
32183
300944
233266
157165
73206
169604
214571
245209
22318
23729
155950
200240
67264
175969
124004
134794
55671
171098
481909
321665
162195
224716
185003
219377
200547
41942
16509
43478
207162
227569
205113
468208
99808
23880
422913
259574
416018
222663
261884
139336
492954
188293
326397
60218
330795
357544
144531
328943
279835
173962
185950
86603
443757
471677
180341
41663
216297
159005
29003
53786
14980
249217
27300
208275
58684
224519
248050
84423
245174
80593
57324
51600
11074
313360
426661
67010
425159
151892
198090
247049
178856
206246
229172
42372
2999
285186
332801
368761
201292
97033
42079
87864
234236
180478
118838
145202
218959
182443
486726
172931
148055
47973
328806
67983
357409
420333
357228
273635
176964
401065
28429
390860
68543
45988
125768
393456
189483
362831
115023
44627
232885
353715
187847
487146
85115
11178
49366
428504
44090
119073
372912
111165
4888
7362
21526
196559
434270
272094
85542
471280
75714
134101
77742
34254
34973
36811
120995
270061
139597
251502
108779
372481
442027
76679
340300
37217
298093
249075
47979
85191
12681
7661
122446
97031
185353
445003
323104
102267
90296
408645
320006
108690
84671
439246
185273
205829
292895
85804
294956
96972
253545
454471
438055
32672
316135
361962
358432
294287
387670
406410
466057
65923
327300
300815
295961
12652
323103
107920
361378
439549
137461
388488
444560
102747
134834
368843
368690
110890
432211
308486
174641
133640
41401
485978
486038
489623
347940
344469
319867
434513
7981
117691
129825
220694
463294
19627
105033
334017
293489
162402
346577
135795
111470
190639
297553
214527
365039
40348
158249
162049
77716
170805
224560
169754
150720
139787
89262
253688
375670
240066
226867
261820
277693
160084
1168
8323
32666
459233
120143
380156
19517
139342
317860
48681
423285
9801
94159
163728
145774
400154
50449
200690
77640
283588
45417
403222
113412
16834
129595
346791
335429
383775
254541
145748
152404
481703
378117
185248
320974
106860
62935
112153
356532
186190
239730
454388
241486
447876
342788
214941
250907
117507
353410
480471
352811
121558
40872
66011
16911
316325
223664
240569
287899
229146
133195
48610
467950
97299
333570
131378
82303
337411
303872
55034
368299
300703
127209
19414
352116
55117
242265
228861
313373
75880
468227
111657
57137
152823
54435
92485
9615
14441
358613
51938
44987
270488
88702
204609
134099
55662
2056
377138
425771
346184
489621
472566
489372
251259
21435
204094
147375
39186
411818
102491
65972
364265
219541
456970
259830
94100
103228
208753
338125
440372
258018
88007
295533
73898
279391
202717
419360
273446
336956
487215
95758
326576
261142
188499
383066
10638
42017
27231
326920
210937
389562
289866
90981
10834
64454
167156
187531
354221
314643
35295
21963
56706
167230
99512
5383
467328
109813
181897
67092
61817
277148
396876
30445
194634
111941
347598
442213
281123
58400
237962
492059
384339
61621
340141
205625
450753
283011
351380
115170
314219
133256
474499
463271
240897
25651
225808
45560
411142
380300
190618
115011
396266
127904
15481
143567
36646
75603
85780
234794
364300
83704
226852
419915
472170
257984
68399
221845
291145
188498
220307
294630
44335
357438
257900
238312
401665
483707
22963
312806
148512
229827
173941
7418
470424
19582
498114
190855
236999
31043
89026
268766
355147
116809
84138
107393
41795
152536
212530
113449
446075
196466
62223
490408
290273
256327
400178
123666
497135
311761
348041
174651
313448
30123
193309
14941
295929
294016
170105
466184
47721
60062
320029
290737
365533
125858
185214
4182
499105
397743
171169
445179
172137
464210
136639
135055
62027
96788
31448
116246
423516
363970
229489
467536
64006
261912
68531
369548
89550
174978
100543
443758
235039
136335
219954
185424
109606
80080
286782
70898
60012
103275
389014
292331
185450
81702
24123
447213
285331
118712
60356
351053
230290
368255
340986
305188
130166
345859
45964
218372
404019
24671
201605
12977
122833
280878
290350
145500
23616
468768
263765
215624
10618
394413
86165
11622
105059
447795
52747
284326
33210
171107
285524
312916
41742
141333
270394
429009
480085
307042
90698
123995
331712
408724
450160
211647
446703
331926
115125
288741
72345
304813
85505
246125
308246
275463
304048
458642
262954
128574
191050
133877
332377
315267
69119
286849
299890
37012
366582
279974
101155
363034
186668
380897
271757
285963
158717
82030
169781
195028
246148
469239
499840
272619
310964
352981
344879
444008
435012
107832
414458
321638
471667
201841
13760
417936
30965
44292
412641
256464
110463
270898
493427
5945
217968
162229
185457
311884
413650
184357
139800
36161
267518
390636
65882
441596
305022
347193
355851
492792
275694
416820
32254
232416
304095
490023
15570
375322
364569
412114
198290
445935
48686
116155
297454
425580
311346
375075
342783
142073
483696
86951
102032
210236
434158
84138
23013
120026
494897
496591
111037
270590
40452
450518
98710
257873
499108
368151
180094
120778
145939
9456
66713
194624
14910
48100
398901
27230
154066
361713
333629
162418
90962
194410
204332
133473
154494
338765
11374
273443
60523
143152
85049
203999
336187
117987
170660
335294
288525
19540
457569
332431
200584
449738
208022
325431
63231
114367
434367
49871
313646
367896
305901
469411
498431
41559
375377
340579
249771
158470
371123
327615
58723
88268
413118
394908
490598
477317
487304
177090
284756
117137
213899
168853
480361
254338
15358
263733
114319
100632
186469
431760
468254
336311
401171
157362
3198
255281
219668
252968
192118
256190
337685
401533
428446
297799
126732
143282
375632
170746
353234
254583
333526
78902
275053
23262
170633
435690
220342
223943
36321
247431
230510
195082
334261
184314
429399
129808
66201
223499
424761
39741
150399
167807
290580
361662
317345
181995
37806
349561
257881
40371
450134
124032
68808
167428
488094
461584
155409
287277
419672
448670
455042
332476
210346
83988
26231
438488
252736
494074
250825
43265
290917
355446
193393
81496
133152
281286
32027
203754
274022
92359
11538
317125
480245
7230
174283
20805
366776
100502
486341
139163
354251
62990
376026
108735
33585
242265
124557
241500
161891
382510
39875
321669
159334
56414
160267
133542
153762
117555
287351
29161
307898
348753
436089
229365
229145
431803
375617
61724
109104
245659
2871
278112
182407
97959
37344
263612
71091
184354
262214
101844
223918
441355
33758
469674
320584
142728
392988
474345
290274
54524
252200
469262
358454
347179
452984
136954
240404
328601
411806
175033
100388
37146
137362
47277
166344
469613
95846
485239
333950
251377
327459
434064
136906
150954
83556
98427
339900
316307
1863
207092
139242
90115
25429
2401
276714
98418
347108
190497
246566
311356
348210
216633
15066
264888
494427
10676
157027
337119
333377
248079
234966
149985
92660
427697
171305
16142
29320
133846
149954
468534
10980
52647
490356
240759
384594
69479
55394
488803
435069
249515
92891
402806
19838
491251
436370
65128
392685
422033
366953
429867
335041
170429
107427
414615
318467
195553
76644
241930
62508
215333
456108
310213
362458
32916
83851
247052
250927
249491
235854
72902
13985
293115
316570
153506
284365
75927
127646
380856
268781
29396
59047
71831
67921
11626
326610
29885
499236
432945
198205
162564
75041
352574
20423
15991
276920
30608
425090
27847
138989
167598
196847
138818
211160
59744
336681
131369
175235
48306
133482
203592
300005
50836
434960
108786
376554
162520
452384
164081
73274
461727
295455
308630
80449
120542
85438
348323
431073
137269
464706
71541
410029
104214
200763
366246
91895
134314
30082
346226
333379
439678
77977
440347
465701
44431
351070
342254
463604
196571
101117
293980
10302
349218
182834
214876
158541
109604
297782
178576
14445
431052
341716
423045
54377
8052
301335
456323
103185
159616
230630
231266
196646
174826
428714
332499
66409
279784
27377
23086
196114
210676
317064
79180
132030
499898
272021
96441
263829
139100
14139
400378
266667
15327
442787
380438
138815
274368
15356
486841
92718
149644
218106
448357
406721
146819
292463
50179
176517
419906
489287
136920
33039
468401
88667
69762
309300
201708
142682
192891
126885
50160
109164
223854
51732
336923
185932
19085
207949
400316
285337
481501
260285
128177
354515
318260
75962
63460
79688
399965
458242
364878
452729
6354
31292
467213
459361
249294
289830
326067
81778
92313
60206
180493
299424
10907
270044
205896
348584
252043
341760
374846
13931
189024
296375
125548
472074
56957
485696
362382
162227
244970
132811
161518
251323
282283
129000
327437
294550
348002
85438
252256
227953
284835
462804
80426
88322
175681
348817
151153
22207
321970
142755
225959
81456
371590
361792
16663
475446
77332
172000
469301
393489
60777
56292
125575
7903
485821
130772
263022
302000
117457
368166
490956
93720
207985
162253
257737
252493
86549
408889
145282
354247
191989
321703
278149
323610
204015
174166
343025
460617
433550
66174
316572
470369
7220
419241
191447
442838
201282
211280
11967
59849
98490
254061
217632
306799
147002
308137
77027
260424
422566
183006
93314
217176
413027
286117
239235
486345
46654
267014
353082
38554
41507
113308
82771
154173
32548
420717
95254
45771
231757
188823
255189
336916
299566
11131
167801
123715
24808
40802
118530
204476
413425
468944
131480
195755
255061
254803
252530
289953
424237
35181
127804
3193
149518
321350
145747
11958
66691
348926
133477
376802
350497
48298
393446
370693
112926
490227
96836
1480
134084
24071
319335
391173
54123
219411
417149
453573
284025
269026
298726
460808
312341
217649
153858
105775
176267
123950
162136
78415
162936
52714
434593
90472
209481
484415
351014
494660
270036
75394
266266
17126
491176
407467
408299
182785
428178
495225
424424
477157
58226
490976
85264
339762
8187
173269
53821
69561
297218
2683
55093
34311
191346
146459
240456
314867
146677
224852
360872
152634
163962
9145
475048
84276
53393
388448
203101
242131
383673
275499
182649
162128
308045
39921
197360
253579
165896
65649
323139
463114
291543
373278
423266
327253
276710
133229
131379
20816
416885
248508
460975
343816
379456
441124
495613
483798
458681
210698
19773
424684
488416
445547
55060
105802
123520
160053
44171
347320
455408
154033
466298
106185
15821
56818
135348
96768
242124
408654
304093
354986
151626
229470
461768
208047
427695
89360
333479
257267
171584
40826
328671
200153
348949
117188
396493
476704
429303
234218
454353
33808
65370
390377
81741
66055
473979
110972
133872
472073
213177
199825
297465
440287
227316
434339
12027
316632
421814
116441
143120
89749
225590
163368
274477
323400
246775
98352
297270
273204
60946
425475
344609
206203
31064
4953
198552
367097
387135
236258
263507
282829
343847
361530
388663
380827
181902
464400
242108
46637
161140
21861
80548
134417
147065
192487
28206
183159
390499
104719
204419
300388
70807
354627
190165
134670
50998
178838
254505
220727
7870
162518
147652
158028
13453
222701
251690
277075
267485
118440
274851
166175
209795
125131
70973
88346
317618
458798
2210
488166
257478
378545
109312
124952
244604
24449
16288
276101
455252
166944
295737
62306
173270
405603
498070
135516
7762
297750
99491
268535
436114
377581
159689
111262
485864
211114
12049
60583
140303
343795
52857
96610
36451
294496
34393
97937
475236
372312
157673
130082
295756
492198
3389
124
329973
221732
105195
150577
938
426152
363371
77958
235401
246679
208146
453262
122101
63703
137450
124714
407498
308683
34521
80093
158830
467640
240121
247505
339951
209642
54492
392809
268068
378984
464711
79110
15179
69685
156387
254693
57360
192042
56348
121947
428140
440974
91040
224948
160627
346841
176771
43475
27041
286215
241585
466770
246161
426410
221117
225377
52988
201412
418061
386337
286493
132628
427398
128363
252487
191456
110947
69797
224740
269298
369532
127300
346375
214017
414992
123971
241676
254024
171706
51434
217501
65239
58784
358151
305121
96356
239838
291196
92468
240654
276268
45407
73896
17747
154359
118931
466304
496027
168379
57596
201621
486839
72124
27470
225375
85913
106136
266137
182109
305633
291955
74290
65385
199849
463220
71721
200019
314651
349102
218379
200812
307361
447969
88297
82209
432787
207227
73828
347155
237668
55755
121495
136065
265988
166061
146866
484684
201443
305055
93214
326892
289944
298819
396604
80425
19141
36570
41721
236402
49534
95484
386993
392946
483942
227941
10083
177455
489837
40800
160383
426513
87307
234845
246968
315588
320170
372717
80393
224504
95932
304923
152634
265525
195775
449965
349255
142261
167462
63621
244869
280741
486458
324904
173686
286047
200612
163043
153670
327761
161425
145476
208154
371747
164400
347143
81882
98663
310399
185295
383344
106644
31241
195213
21336
342244
223428
438023
314813
84268
227167
897
112830
253891
191924
1110
191422
62622
406415
129596
410993
15121
275070
376248
388801
412491
173452
14374
106263
155593
89678
434001
345312
10408
222396
101638
175388
458301
381914
302250
497282
25321
155331
447490
348748
343059
434304
68379
381167
304936
171780
67694
390068
112042
443941
326464
284739
491468
297178
12073
118908
425616
380426
499300
84303
201793
157365
34952
417195
121804
149519
265634
111290
300655
292974
307926
143713
100251
298233
50238
10455
497694
34998
43916
31959
393313
226497
233918
327019
114730
182904
466317
484107
117753
319429
375896
271659
272228
167228
188211
478617
266043
149140
103208
20322
300415
63245
276397
400665
303697
75730
439919
291607
436223
82849
345597
305641
309345
4123
102298
94643
152115
356518
369454
490708
145649
66653
493903
486068
115975
4767
20636
64148
127756
379450
450226
235792
365008
392044
488277
305659
451478
197998
228296
405969
369269
357993
137260
11597
256390
310854
356325
440871
322371
128325
306322
377951
245815
74155
22253
137250
425264
82723
39444
331289
270000
456520
481188
133493
389863
67124
114600
290856
92977
105466
497483
72415
344070
372878
376827
227125
87264
94809
405458
181429
389369
17523
447881
257673
82086
131392
347238
158601
156096
316581
184142
213831
147357
449908
347323
311102
51823
76568
101957
234240
149040
143096
325890
23520
185861
280369
83148
317690
148482
240332
288204
141389
257853
233974
476705
491189
56099
287168
149790
102760
186944
207312
439324
259860
384180
417426
34486
431122
101820
355767
209659
7962
451117
461763
141015
69972
33952
182073
24411
434993
131111
325328
421571
365327
277409
65144
281321
436948
27003
29260
357782
85602
457742
23437
290153
56103
141155
466917
436379
2233
427080
314340
8038
108647
128117
3279
445050
258472
239590
44284
42483
497851
313215
354940
74676
450237
146704
311492
416325
444174
149821
170408
111561
786
417311
55274
429147
492803
172650
121238
491754
142675
150864
176675
97147
52580
296410
346071
490627
30734
11317
472326
397873
483451
222894
206288
130376
333482
122652
40210
95464
46631
307824
464126
176410
15344
122941
80521
392922
297088
340963
384675
155147
450161
70161
156871
187476
55099
12301
319577
488178
95985
291903
290324
76690
151555
58304
116399
362849
217430
493330
342031
102654
253656
8208
17758
166614
47590
44122
109523
466796
458783
32825
101557
243735
392865
422642
24431
140079
36356
67714
333221
277872
392059
294490
279045
188628
55090
6911
212499
324524
61271
167123
112175
52115
285302
87692
319510
320681
131813
445647
180788
409817
30530
28483
374409
49628
458454
417471
326534
35487
345023
95027
313358
193679
380183
323176
382306
164540
481914
461639
149165
380501
419754
158713
324908
53
221080
255934
196886
107766
46835
88114
383991
155627
207738
264539
165079
29366
439112
194491
103172
227286
175990
156031
171375
296431
230428
308329
332460
469443
104216
206858
157998
266593
93530
154962
441266
434829
202574
364575
467341
154995
170782
351331
427791
343439
372971
76520
281052
312082
128741
254274
292025
247776
111925
361552
301308
466035
365167
38701
396947
100623
298682
389128
367215
399903
166050
10013
43088
273156
207273
186077
286980
417226
300564
360963
399895
498141
437481
201394
67325
247238
6493
7623
470469
405743
338329
41969
128880
206726
263122
321460
486567
235783
467394
450243
12536
330349
9457
210968
81428
214981
443615
90530
276326
249613
253168
252470
4856
432270
137249
72180
274618
114601
108558
125432
421315
56499
99890
406325
92873
478991
428401
378492
102353
16951
468869
185058
24619
165028
74707
119756
677
243323
56649
158388
413731
124619
495723
329660
85130
54586
247867
38265
102387
199394
7184
158350
493504
202312
358045
413053
311200
51185
74717
322962
76938
260541
331316
2318
18753
13960
132027
129800
229164
88271
459390
434635
396719
169678
265531
140529
258141
57834
460868
439748
56231
381665
181394
42777
217431
62108
433959
304039
50488
460734
452829
215269
72807
284144
255447
80865
398032
144576
268690
109066
450069
357801
110672
8554
288065
181293
70857
256675
79181
135289
238382
135410
217866
371916
435288
41245
329410
401584
33330
480355
249507
32526
431689
65458
272806
38484
132501
424852
326214
42749
59315
487242
29914
193070
280423
30690
447338
268854
499818
26518
69346
80169
419029
429678
35446
382373
281985
455998
12885
246236
250060
324848
123082
176252
350365
263269
357890
24077
39481
441205
465841
150818
237284
495754
287888
372750
15057
300358
68021
230542
51909
53877
211435
235742
486545
369685
48126
199452
80730
25665
9058
403653
53816
152561
249922
180693
223385
438080
77912
446828
393202
425942
266332
373748
296608
143453
418911
448722
33178
479178
233349
273569
409490
154123
279668
122100
214565
354302
292297
391945
350565
244572
63897
222176
319427
85285
184474
259379
472300
459304
215901
21231
211368
428871
210424
313868
250859
379595
238621
239186
493888
328853
89688
438774
110732
107495
85510
188240
167380
448093
51119
138375
435172
296994
225019
423101
268755
106411
359779
192513
323620
148296
20523
103187
403176
103682
496994
233785
273695
94226
112537
486877
30110
172249
217933
120898
233951
105079
319152
454620
397354
238493
82430
134586
132461
143632
324477
51920
413858
147142
253854
236673
444096
16023
76748
202317
116051
16129
403703
263276
411291
115113
410856
178625
104182
93608
434186
16457
143309
275594
338734
491686
417836
320184
81313
232788
384734
166653
260974
275235
241181
70153
292366
83307
142297
462976
475207
313834
495613
422639
63700
433559
284197
474555
327241
496525
255441
19427
111596
162495
396348
17415
96952
33621
84278
275953
340294
134920
171821
103787
96777
245810
101487
363805
406018
127698
220909
160223
140605
102246
412689
204304
244166
328376
54159
56165
1964
128187
70156
228938
423718
184150
108861
115381
260190
301169
293658
140642
378508
407767
130244
330378
256243
464641
143661
26433
40233
111573
343001
363232
422180
78708
324638
166346
249129
56580
183805
246928
425417
217022
263392
202641
440624
356504
185524
240972
15234
136539
381612
40097
64969
49398
155750
356076
466510
159298
14048
189137
438155
31614
309471
48842
297507
134108
397419
37420
151807
3834
14674
114260
246576
134455
193663
446562
327595
171013
108975
421950
171110
164377
84054
365152
54547
36860
246610
72214
202645
341082
261350
9411
111845
159352
99957
461315
219131
176145
7627
117717
82337
331689
117776
351660
314536
206341
359281
441499
33629
292252
434068
260665
173877
191692
113752
329589
24036
393176
65581
452535
156899
84033
460385
346102
411954
175273
331519
131085
192346
483824
259123
477788
199017
86843
122554
117631
14784
45261
363759
100132
130134
284224
433779
196449
150161
147295
27450
13476
235918
263649
478070
52086
238674
386119
130334
19548
342353
58319
392492
81932
70660
69142
486564
31257
52133
311724
126500
284834
73560
420689
20555
476395
149769
206458
36407
157942
81317
262458
181456
131718
96304
457106
12393
112613
135680
32751
81777
267461
410546
62031
456464
256244
270926
497668
204710
348405
196330
238207
38165
46348
306984
187414
279844
5883
423086
107061
491826
229387
362280
498120
271604
147000
117899
213876
165040
161473
369764
358569
209228
345169
324327
120457
51006
145398
320586
51872
40695
353693
286651
169722
143401
213384
48272
67588
70215
290585
135101
170568
115310
99669
228520
291574
125740
150910
332671
493977
25922
166255
193598
135362
305542
54690
174262
346865
200163
146169
273728
448507
53640
328111
468545
433395
273795
202774
466916
123682
450432
450047
478512
247284
34662
103068
276771
484643
477104
257501
196287
168622
111311
375949
222427
305246
447689
153790
11138
403043
32002
99234
3240
178358
384293
194641
32199
209983
299440
490002
291930
387756
340008
309262
158185
132913
469789
233163
488238
5700
234596
121186
431422
274859
254236
209768
34052
467885
106605
429987
144518
35850
29221
381008
148834
356570
430706
441539
445560
159700
65895
10245
8379
25245
376400
433070
391789
245345
348331
281417
137998
405559
7443
85160
4202
276220
107619
393718
390299
466209
323705
171212
306611
110027
239118
48769
113226
405787
356228
103389
423202
172138
43010
479570
454484
165654
24560
8162
63909
364209
17930
51209
54107
133370
25824
267080
145059
113590
472716
93955
360743
75744
48998
412435
163548
421029
254500
158008
15598
241400
349763
247474
219427
45635
154273
368020
468438
72819
237761
298368
152779
458056
495149
124858
120038
114391
78407
22040
34971
433674
137918
97870
244297
499689
377419
216037
299963
229215
489373
285458
459585
7730
291019
470138
98390
140303
176169
50484
76905
157567
204194
111836
460608
213282
493796
101587
72455
216250
270829
282750
388426
463697
10523
132723
225696
140086
176053
77069
69977
25498
8632
313125
82379
75913
73638
63520
283411
57182
465524
490386
211541
162559
319781
236861
462736
83131
331665
97525
232286
359596
341973
460284
329059
438079
289477
208381
124819
448324
262729
59188
97838
444707
332350
258087
435446
246513
28539
66487
125035
3663
274432
332888
277252
126160
433812
401206
164890
313155
237831
429048
373858
107947
13390
179832
264301
301157
296356
467527
103429
93681
328417
270860
208124
118017
117145
370698
295485
453840
210055
167449
289774
360224
261125
324128
63443
102531
444420
237728
170259
335274
191008
268827
385160
492807
82228
332766
108090
409569
15292
169628
72292
78074
124003
381109
146654
151902
135501
392584
191412
66016
227984
311384
6671
277276
62414
437362
305706
72196
363290
444322
112418
103549
122223
79077
215266
362540
231925
54068
418481
4318
455031
284166
352260
205428
229677
193638
217841
175730
439464
70319
13686
12838
309277
22218
318501
224155
362742
215151
414878
280876
44764
27295
179952
13244
404689
147720
223258
199763
69084
398841
346333
52045
321643
29157
489457
85523
20700
135859
2744
87483
169207
34439
14995
36515
89532
180097
294517
419396
426271
469980
158639
302052
372896
242578
373805
495398
267501
43432
74157
128441
121747
3407
110825
366704
302362
481136
59130
74866
483989
462010
306547
132034
421453
78644
484143
88810
15842
369845
407744
320484
266327
161229
358876
139971
384602
87154
117031
392923
35569
312044
490562
257928
169082
289910
440542
387609
240063
80482
7499
172507
335346
291594
123615
447108
371725
364859
115525
387565
363263
460439
399828
96589
404588
499923
479104
437280
68076
123038
220430
65687
186721
208577
159747
393196
23208
451187
387342
58905
232437
206425
232128
190891
485589
315645
14889
372975
358680
324147
244878
57822
347954
20159
201249
10838
459354
245885
202826
299620
44662
338797
379908
63447
97093
133859
489744
21337
153492
298487
143031
75222
159530
149211
465412
474791
167989
337603
259533
20366
331764
261513
104552
179717
84566
252346
470576
167129
283312
56368
285917
288638
184841
412864
251152
8200
487019
275081
86191
50094
207918
453601
23508
474967
213720
50435
269666
402810
494683
100366
283260
73523
195929
214748
420117
174527
85105
233840
202745
22212
322782
477310
402674
7622
33765
279374
423482
23337
65168
175065
13068
183072
5259
240388
241390
99487
480129
11055
138779
281510
297355
248640
449049
88064
138140
54486
35924
102167
224535
150887
167967
146265
43383
70640
213251
10095
312080
381932
436131
147594
269579
235200
212164
245989
427417
137074
254832
298235
37901
172210
65273
71335
27111
483256
416500
384235
199451
108569
243504
392039
16053
168572
275629
269201
239211
359344
63682
477880
453858
129399
19734
223437
41871
389318
378782
307117
59317
390715
228879
53419
62925
283291
481466
483773
153176
340488
125110
492475
88598
441446
277925
55419
294285
346511
276050
415278
462956
148847
304030
370504
202642
324067
297106
11
312265
276132
94126
349760
166846
60856
469367
486872
25313
432670
470644
195397
118624
397287
349543
207221
446064
114890
410302
10885
24157
362355
251130
487111
341507
313741
161026
418510
268488
58376
376681
204497
91610
299645
404590
15557
361319
22053
169918
253193
97310
456754
179913
118329
83030
41536
253089
68600
466501
37931
105758
378043
394181
440515
282901
460100
110359
393730
335935
375170
454271
286512
469898
3631
109726
481167
161430
249918
233127
43468
191509
160372
130371
194922
79505
391270
301966
23200
344894
184149
5359
72830
214726
341671
216118
195047
86850
71295
146990
444865
253003
248761
443729
53778
263848
87555
49491
24393
124560
47907
174411
469305
229333
408400
266450
107199
243252
279485
299152
210324
351085
31054
51186
367309
321355
439303
9850
140478
139096
223862
463321
401158
422320
151902
281445
422011
211207
470262
198722
475125
47514
187436
182414
39928
379806
143671
289009
158801
360606
218759
371373
382565
222323
168729
479012
43677
28013
125379
441256
79572
454731
499978
220165
236820
480372
376841
70923
46991
179017
92998
65171
374723
183218
237686
86769
351642
326231
357958
480559
357711
331018
667
497378
142969
277762
287756
174885
154866
416661
406981
241625
142214
82688
480553
160514
394695
398898
281416
160575
72882
498655
116886
204313
328650
416229
87132
224773
495901
331949
40742
96385
437045
428755
79033
40307
249161
74868
212160
387028
319605
330779
291146
368513
140721
379023
212951
223226
277921
351805
383800
201189
390291
239330
81639
483046
456175
74415
1070
274252
342778
263354
222670
206432
11968
495794
180631
81051
309384
352092
68485
179138
257410
359630
282068
123233
279768
200749
73466
273675
266281
131419
167622
250999
11664
32540
182246
211585
202255
45315
411456
28509
129935
211534
473536
258253
450490
55682
142376
391328
433564
210860
345379
110989
249797
16299
69423
132092
246972
341844
231819
291794
264403
166662
473843
354330
474290
156088
128215
159080
335634
162803
24799
246742
163615
64370
414047
43272
131370
107138
194442
284832
229813
414304
326053
181030
78178
474197
468934
403411
215273
308852
433339
79165
56416
252170
111987
337558
408257
493382
389089
259902
131823
436950
16372
149760
389690
228507
42205
446603
313690
171595
97952
424947
426231
181107
327638
250170
19528
143211
351357
408077
87439
492609
244942
62234
167381
32419
66404
125553
453774
334552
245944
419640
68559
355233
49121
259880
56467
132259
72989
381209
112036
144272
67025
443260
80181
158898
202256
492585
455468
371738
40736
317992
169002
117964
318351
152506
286305
58497
173384
69069
490818
480497
416820
343518
57275
465940
31772
364923
147203
17557
390357
381308
120062
102498
249069
401263
18256
480191
81421
216863
109031
308712
34854
70735
391726
353204
236623
435133
266572
381155
139218
206004
404707
19827
375499
474216
72174
15334
78085
219376
30555
349321
316869
253682
451818
88855
80524
140520
271074
48790
179043
162825
397827
3542
490555
220696
98114
60688
178212
18018
151387
130875
53438
56093
385072
401383
26358
196113
13689
104442
398281
152833
296130
102628
419736
293589
136520
372152
368223
164583
160803
105859
291518
16812
226107
27402
172634
47319
152444
391195
273151
375030
441003
400751
498303
119585
125651
486870
440869
57498
335684
478672
205498
274180
21904
335099
259748
224965
190009
149844
56257
201770
83442
246296
92233
297721
434648
179255
214865
17398
173754
364479
202506
42295
145868
492598
447203
160794
482570
361781
469763
21412
395423
359487
36367
260009
194585
85189
404132
349012
491600
187784
6711
103803
499216
147131
118510
20397
83487
128143
213193
26296
117348
216997
327673
263216
185271
120322
70035
38583
257721
323169
283351
212978
241343
423213
194944
189477
474776
296275
5065
107308
333315
159387
466954
51429
429507
42558
300892
483432
275160
17847
284437
27445
375990
112109
148421
178001
292626
54430
174824
7687
13652
124426
104055
200809
226938
143929
339991
457160
410664
135902
328398
14821
235184
288523
399532
444869
132573
461554
67346
103941
341561
133471
65906
408463
184304
42875
172424
341778
446983
227680
215899
231132
184084
316189
440464
438755
430578
269564
9496
342236
117227
331064
407678
490164
358113
488456
223544
51605
100575
185529
166815
43578
58240
226560
3183
205403
34960
140799
304283
482952
472571
231637
471186
356948
471517
411650
109063
402094
181213
375660
162864
33926
206723
457160
170937
83411
411213
37370
419530
66270
346092
114477
469445
225285
309695
84200
360893
334946
406482
254470
494712
274385
307509
169126
192881
426572
271914
149054
278112
19089
9000
16876
331731
14402
477817
134536
481938
305632
441451
35158
331778
2363
288825
272739
174317
259924
251605
96092
223454
246957
395362
14923
280481
26857
258835
52655
432983
96711
32405
392162
372901
498863
3847
97361
412950
410198
1598
259656
490040
144885
384058
21689
330636
228891
96587
483901
134092
441202
282150
53026
342631
344789
185059
241380
401753
341200
479467
2934
228582
8477
409541
342567
110186
306777
8477
385939
367454
471225
80493
406884
242435
330785
204284
185123
17814
13951
88220
427370
24203
271568
6178
19773
170523
44181
1614
116767
388832
395660
421215
389697
405855
322025
83366
431218
94480
279469
164139
262099
294878
285786
426084
257281
453476
409138
428858
207015
257889
299853
498695
239017
299975
429723
469644
292656
127645
68133
321243
32296
336477
446785
100332
355649
215182
248503
404047
406504
173699
109280
168602
318897
23256
19732
421210
116876
463544
30030
104659
311320
311470
129053
284991
883
200206
339651
472234
273449
127769
322619
177722
298034
10385
45142
487857
225864
242267
32644
229284
52301
9774
102736
46706
378801
124212
76704
144617
430425
403202
6378
322511
214672
366832
20977
485159
429137
260551
197959
90706
3962
111994
357454
243678
157321
277715
11798
438214
333920
344486
204258
6388
97703
221154
447130
476503
492390
172146
221800
150362
297086
145458
309236
331357
251429
88207
32279
231270
179182
243299
431505
440245
447106
60152
73588
75531
398940
5586
156022
150901
186606
393699
294223
256876
215071
447718
233378
289302
170599
130065
417149
3049
405697
138633
121100
123184
399270
17970
84307
188478
28320
301105
188595
232527
12746
5013
219659
460559
73954
375679
237729
91327
217150
289053
176840
32870
469689
27079
322170
93507
364299
392644
46572
438794
59669
63305
155075
254228
122175
214684
343952
456696
137144
16188
273071
197042
73489
26854
426883
429025
21853
107804
255567
440331
46711
46568
18488
450327
241016
97760
747
160704
284978
114678
481947
287271
28535
31863
195603
97126
192341
41679
101111
304764
111357
241232
144475
7109
453731
285674
321723
304578
70550
68910
26306
439930
25885
111880
216074
45962
463281
16791
198835
410354
83149
156668
339713
2720
108880
60276
183371
365569
9162
184114
427435
29059
455251
36808
23742
15297
28931
15906
89869
36387
148677
493605
45335
413465
21990
429404
296833
493686
407490
91697
36411
232163
448759
55323
168335
267307
172352
174289
59429
301240
311933
106022
153926
440735
437729
319581
125977
8964
175326
26073
438706
498790
177192
478091
412254
20896
134350
207847
266471
371461
138933
152569
227356
344793
231908
245421
37369
121126
207178
98081
241484
188502
84943
38660
195568
15248
88914
243928
59937
436127
357406
370475
434916
353988
6081
185794
121362
27072
358499
195812
89788
426481
361790
456454
202591
41826
183976
221164
202753
138642
53392
179247
196375
250050
497889
109854
135379
495235
50517
197066
125531
160573
324643
320058
131486
110086
141856
268183
188292
79147
168377
90298
198780
280757
316758
89288
71906
135970
236104
1453
431688
202187
301295
265695
209338
208126
462566
472159
352519
49273
485859
43254
402448
132045
26714
123702
162379
140874
457292
313388
126183
451429
403685
379565
96488
57865
349617
3813
401862
119030
102161
397161
119124
243837
104636
338377
355071
281790
301261
136621
266563
398352
436976
169010
374861
360710
115222
81892
269195
329615
357190
141866
278040
58569
237304
375911
281295
16826
128425
332908
13563
497330
390421
440246
39278
301822
9772
306380
382605
19031
70574
422345
69503
65103
100314
317626
194056
98944
420408
226280
111060
45004
230903
140942
128852
115730
273955
37745
261166
281738
425252
5027
412944
210992
47264
209323
201991
84384
290350
331355
395055
245260
388966
73513
171773
126912
317638
200374
214529
129809
12645
275478
95734
147985
41130
39443
406834
189313
103443
354403
96821
234172
486801
39103
409069
23809
233291
343829
388695
20823
50904
26093
52980
64149
131347
39268
409630
352175
280267
99712
309646
349238
118481
375881
131455
460500
195831
169770
421969
170608
41206
144445
120566
266106
299859
59259
124199
192834
34633
68869
311074
145170
271628
456384
102048
156720
391300
87377
158339
338283
491249
14544
56484
121040
34246
333619
163891
89009
260490
218762
276844
39795
190463
455663
34164
94010
56283
32538
466063
11109
298607
34239
76296
160954
459239
278835
497069
370856
245018
285699
421679
332817
29727
3521
198849
74574
6237
455061
191148
405453
227994
236309
30482
176074
400847
22454
446467
214232
170075
42792
68977
238237
6677
87939
397007
441637
242148
396507
400493
100670
231734
207249
22194
387604
460040
17049
185445
420659
144608
287546
83214
136267
237673
470852
304984
137112
269684
99256
295771
235192
21054
479079
266107
399490
157732
351051
391474
264867
309355
291966
378240
71699
256316
297486
186586
12918
326263
419094
246
178636
5959
76119
378540
370221
99013
226395
11089
16197
428557
489708
378856
218760
120907
427950
118249
25952
154174
193298
210943
207354
58789
28243
171133
72207
291819
427859
104218
154232
146273
436983
116880
409333
182177
44058
91736
3293
247496
364174
34445
187957
75136
299112
234845
161877
23541
456300
194470
240231
255411
444761
164945
236436
455593
201966
143507
402775
432896
427328
14423
238311
264117
186507
426831
24189
29477
187644
125514
24180
144090
7912
14965
278841
448251
274959
10587
89758
146858
24938
117405
61031
246486
408780
132331
262046
32782
209340
303046
19774
492738
385748
74394
356576
254281
174063
169484
307138
204722
422080
171837
378661
142563
141947
110854
232455
271573
493772
428989
77193
434951
132267
302751
19458
171012
76108
239701
64422
481116
491305
44899
26094
97028
287413
454929
108411
467680
79043
149268
245316
173575
20277
125067
409671
321694
150276
160890
259358
142248
346981
288543
36710
150475
79956
38398
134306
424822
242583
10699
15009
119387
486272
277969
216415
29146
325392
115748
158289
397535
57718
47063
437027
445125
345074
329220
127802
376889
490109
312797
157394
94191
365975
140835
34343
257548
28641
215156
280182
221786
416486
231261
45059
43051
371767
314688
258627
491043
396614
134917
325031
115749
97324
42087
341589
19715
50599
169527
209614
44742
191284
366351
184280
290932
119376
4978
21750
24929
218679
439781
335972
26292
324826
480271
235211
187773
393896
116970
105952
34741
220610
293405
327015
142019
439842
29013
270693
187242
378551
237408
267775
450306
343286
172427
78270
289043
114312
590
234141
13369
223609
201675
352144
66855
115992
159110
354803
436417
33181
379921
290736
253789
8665
160041
261467
178519
80758
194231
182051
216410
235908
226740
163253
391805
81628
482395
172333
371794
408248
11523
55078
451365
52120
32091
330622
87341
306813
3540
168035
314920
62797
234217
140688
265292
479571
307387
192305
229584
12506
36842
183684
345952
31613
368879
124089
233293
376717
304936
485033
298982
192139
268805
183160
167694
482399
154579
467475
383978
52778
20697
223017
88001
310954
205177
168096
19408
22958
59801
194892
97672
37872
457148
45617
326585
326026
342050
295002
101632
404087
439061
398710
442130
219447
42114
21020
220384
321337
364763
45365
264846
109620
250195
16278
113011
401786
220341
497075
169245
280140
248596
183497
318011
129400
129082
401697
139074
404653
97260
90008
119017
37684
479059
38579
378908
202122
493361
166995
234412
226250
136151
264879
222708
58830
109203
2461
66571
275685
324817
121631
28073
203101
210891
342419
293359
121709
86491
82230
359989
229966
315828
99104
479898
89021
182402
97831
400447
2296
106235
379201
143763
279964
352036
21030
95896
63865
343083
393312
344885
416484
175372
183985
246998
169103
258609
297459
349711
417620
88783
263388
29580
168454
445805
377714
116284
156714
14054
388352
66187
125529
426612
284119
134350
250363
305147
307102
174907
346639
14171
119791
327503
234871
344470
331603
170015
274234
81455
291206
146364
137336
25104
407781
46026
219993
206086
448208
15657
221198
79836
226354
81611
165567
190249
438502
463388
72721
79184
113111
77326
218660
40839
68344
412423
5419
157049
109047
348169
475020
412483
318573
309060
122669
24385
359123
137653
24659
224246
71597
369292
299789
365134
285885
69243
262980
168726
207295
92802
286779
77506
127265
464330
414959
81010
174498
272450
138
424981
11709
428
271378
102418
19991
346044
291907
280591
251066
204049
341424
124087
10203
134236
423496
411344
120771
341779
451112
211322
147642
156903
327127
462047
117358
179737
230169
350278
174803
423064
60788
491947
25307
333373
120703
42325
238741
441988
491792
135238
177980
147208
400456
186130
471139
51549
273126
91910
465788
224238
144902
225306
476332
314595
387684
80377
260491
1905
285930
169953
357539
251550
419001
139947
90289
408386
283165
43372
268195
219423
123185
68337
402478
329238
34705
464308
496026
493691
210799
476314
302218
392211
327609
278549
379803
398585
471303
236488
198621
150854
341059
403049
113326
260059
172987
61099
484200
60019
377473
465893
257135
195912
168577
350718
468616
216330
32448
25177
37208
86460
28315
96528
271177
452151
213231
421108
199587
75669
196781
287978
25296
76776
84946
282562
336834
90471
146635
343731
132840
85459
44805
116323
139594
87267
304139
447223
433772
21988
95452
412841
127301
6587
324609
9469
207696
190780
74081
41822
60266
309798
302858
435183
20315
334974
474846
480508
384918
349534
364956
105740
117892
66698
35821
168318
371620
403028
446927
374993
488790
164326
360177
246474
39641
14992
179232
131535
398672
473778
410983
84263
293736
104746
173181
403412
222338
383169
407423
389962
279897
96834
27325
375242
15477
168750
320948
262267
223110
390884
80679
200394
469080
108716
189307
176894
422728
204975
35344
56661
412017
356303
272699
475867
376670
219203
233373
212159
499957
473287
249332
395722
32119
63229
388391
258528
59527
148206
320918
7966
280662
394488
243142
381211
110590
202367
441152
407349
330963
1564
389958
445199
249289
112141
235424
341301
293162
244490
208370
97529
88285
209055
411345
211724
173830
285952
283555
53485
205043
322115
282014
256772
28369
208643
45780
394506
36852
291288
78606
70034
33112
206518
324689
218654
415070
219467
288844
224960
352705
408766
109532
32311
117821
296000
208435
403050
320238
47912
264539
122598
363907
166625
244911
337610
421442
429735
197656
24519
445971
46081
318022
57688
252597
123121
87760
328357
479638
170550
197277
26593
385239
437753
409211
240555
306791
241805
391950
312436
164682
50369
29092
292805
333047
139742
366197
83520
420263
288521
289077
280156
16491
367296
337843
459391
245950
261570
76289
308913
333289
139909
26732
218527
116369
249502
235790
55311
444042
265456
406167
209309
55407
34269
235949
150980
124399
359248
101232
295123
272904
492558
375713
345692
183257
170222
492089
140906
181367
40247
10656
374531
423960
119127
350160
394389
383290
85949
473761
67395
277193
179654
17654
173630
157672
291821
256813
32532
88407
160963
84757
55201
255561
208116
284331
279820
58860
182572
177827
52175
211926
161872
182790
395466
10425
380278
432066
414060
85384
6967
131432
325807
237978
60300
441068
317907
21396
239178
159836
161094
169722
24860
182569
362099
102657
242861
17531
147349
56808
329640
289059
153418
62245
451598
60321
86145
61989
113032
192208
305398
151116
307714
134411
163126
63923
444708
64501
4493
392840
116977
496107
77062
321985
178675
251256
9459
16732
397043
187467
21916
156876
445613
347950
336986
277530
256767
327710
335508
334872
286374
323440
288814
385551
347853
388639
76016
110327
27399
106456
258071
40156
102563
114547
37447
186933
198969
177744
21852
186777
455362
495690
52092
65319
118447
375302
28849
115611
329799
33635
496207
147254
129727
285020
449856
251133
130838
421389
107032
69628
50738
45204
341460
298379
108534
483204
60242
72749
74526
8350
305061
469571
136318
455427
130891
142637
389114
326997
297592
331978
330846
9578
269128
367609
44635
138544
343865
212281
472410
50473
3643
408045
271996
2073
194056
228318
49812
401005
150517
71566
421844
89830
245069
101114
285852
257551
23936
354347
360230
120447
396397
246110
303987
136990
430522
355685
218756
497543
401443
87647
101375
468901
61848
373370
276428
190131
238218
397358
121367
221350
170740
176652
266645
68355
131598
327309
202098
437631
158234
26582
238377
482338
309867
153541
397830
400697
9226
168443
158947
126983
129041
260320
393773
459917
349731
28693
5913
306224
186377
12493
235518
182749
166911
449266
450697
214181
348960
17124
253267
375878
206826
377016
42278
117594
201
159730
189162
265587
151710
379284
19278
215570
139604
419632
394382
118816
112923
279039
352440
420559
177537
266861
30564
31200
340727
454375
179292
247027
63698
260005
39818
369803
445192
466488
41548
488474
102646
201206
486452
167202
217742
320035
244948
425063
111170
194007
255107
111851
63171
97609
332009
316454
47315
417420
102763
323947
276930
448969
449588
6346
10521
249260
19673
236530
212892
484179
262977
141250
98673
405220
58632
260718
152538
202474
287954
61744
330842
438641
173595
283512
115369
225407
44571
254188
399929
60128
42318
43622
255755
231020
256244
352563
275806
215166
373350
294237
263302
284277
175950
421153
189496
106716
41147
266516
261625
86202
240305
278295
86714
191748
413717
459184
269401
318713
426151
58094
179961
403573
76610
381467
82222
182080
79426
174978
135390
319402
47409
109805
65519
322011
99294
32387
199907
140570
278632
83344
312185
238538
37308
165344
380049
185939
210746
129204
18079
181219
114441
308210
460010
134262
147798
170888
304587
244037
133184
305910
223902
451893
304632
72166
45084
86823
455927
4310
64749
223722
437716
486778
355652
219523
401082
348882
366843
319183
114315
394206
157679
391421
285348
128125
163384
21508
226197
400431
273216
294418
463442
401929
246310
96527
345102
48496
302849
368420
185297
288755
55758
16282
307280
344378
192069
27942
65405
480375
122566
179719
434971
355437
322319
76995
130780
356342
184309
430086
324515
3952
324961
45059
32250
160286
55439
226490
450372
476505
50098
57783
46457
168731
222978
212152
241333
116476
35609
46846
322513
471121
481742
110114
71376
403001
194191
1316
257372
126416
414058
320394
497586
408094
365452
318394
188881
70879
65088
82470
272715
496662
163113
308953
141958
167201
20707
380447
448304
279869
470563
319865
13869
359206
213569
323078
76259
181269
38404
321413
410969
470658
102188
272238
378751
224742
41069
453845
376915
135513
309000
2034
389276
326397
79178
54668
273879
223259
475596
54304
10642
446158
400751
28238
417378
362489
34627
114769
48090
262777
19863
321622
318773
250005
420668
75748
225279
158123
36186
332964
467309
104149
126628
54934
51240
345471
495003
131961
368215
271291
341811
158057
475771
15668
314081
21690
126743
382218
41719
427602
307226
46966
139429
134374
258118
89
2264
366455
72127
140235
248867
143863
429924
124799
157979
91538
337305
179549
431523
299532
157437
365455
46322
212310
261712
43804
488790
368878
426021
55593
27594
11894
438040
85984
207443
492481
304719
408833
188338
402521
291784
315456
439707
109006
58364
41447
329324
23179
478155
243575
277845
192892
356777
249509
38713
29226
50044
27716
251704
291866
498587
130856
39316
193729
423437
33239
13418
53553
30206
302247
161942
251699
117702
170774
235953
273407
492344
312563
251720
68405
60508
474415
267217
13077
157308
306142
453100
304707
90959
493115
266419
473652
253935
255878
46577
146283
323797
226584
174891
107820
28830
190872
292511
12306
90474
6645
177039
203544
268992
400891
397192
433495
229628
164409
170636
65401
499707
370421
133839
318610
373952
105810
278414
230846
156346
462734
258434
450372
246429
404450
130305
348608
86411
339392
199760
68767
237083
442707
37332
422111
90564
21657
105297
257229
48359
308834
37080
218990
291610
33888
351721
476162
487445
241312
361800
37302
49499
177452
381034
440333
387980
21073
127623
383536
229656
185015
242453
80342
153151
472109
309241
381686
98958
95498
415417
147315
479724
244041
180427
53483
219350
9809
155682
246747
15900
10940
40516
57242
142543
78642
107528
246036
80638
184462
402864
310294
487228
233132
358836
143223
26689
270010
49301
333186
188620
174905
234360
41270
67001
454177
443146
491453
8974
27525
31149
72436
413714
45754
81705
313358
487514
93484
100982
93490
124023
360304
372436
280899
362079
20173
428499
185857
191739
114382
368858
290688
447195
293921
308899
160631
119637
178694
66697
33286
202099
274381
20716
372915
320134
365088
186273
95053
490038
30348
196590
312830
485892
236218
310360
266737
13492
495960
116904
223683
395694
367788
271472
435156
93143
480838
95786
283629
370458
122031
226994
218264
396411
131765
9063
473646
28319
34552
8158
54520
78907
48623
300542
28799
470249
212882
7404
293755
106860
394665
82256
94821
368001
398130
10946
43213
327052
283182
244116
22852
100478
490440
470028
188044
5415
45388
389153
253534
309192
31020
492525
231653
60603
160461
172430
192987
351625
436935
95963
215586
318343
479723
116607
190840
263406
97484
129558
27216
237449
269480
365217
312929
425165
92347
157849
415725
153551
304104
477279
6408
227098
249328
395759
412109
186052
461304
399948
341676
300632
89397
57261
17811
326221
136488
52177
42526
100168
6400
331729
206810
283990
454048
476841
47408
423464
263514
18729
115620
435298
342077
456598
160939
348506
209570
45449
249456
144851
22021
180233
129619
35910
59800
157579
22224
119363
359293
158889
341612
104105
473942
315515
84026
90090
247161
4294
154361
185750
54008
123994
355351
396083
109206
273391
248601
14306
488234
340248
292310
181455
277583
346435
54417
272178
19621
318735
254031
305784
148916
34299
130986
313682
305767
311220
129515
305273
346499
311524
14680
3840
486973
288476
86397
339204
416718
447952
333189
378196
389046
411795
53587
225905
69099
16090
216694
208854
457702
365723
150058
242269
297519
223890
377426
418457
950
61186
85318
112276
107267
76622
137423
235777
411995
109034
439792
392786
187639
319550
214540
192375
222649
178326
18043
142569
132761
99422
376157
123620
267932
187464
122991
331609
205191
57022
7168
478916
364830
157612
116672
71262
234374
1723
158971
40859
479580
482101
58033
406655
77881
262949
417167
389368
188245
213389
18745
466636
194545
34
301629
178101
250460
408192
1124
499476
190748
147200
231888
302334
317563
47330
101728
141660
384328
179270
68354
87133
10808
65966
172197
200113
324569
360422
451086
191355
21350
145264
25290
323865
491639
104337
52671
73339
271327
73513
414759
182499
477814
407355
39526
159466
221086
83054
417537
409714
292552
164023
154427
146946
296037
5462
449900
52361
89931
183044
19261
317135
469583
205440
10988
23253
14273
201259
367323
103534
125758
282081
110425
375044
27366
416440
307110
154669
102666
224647
335249
443299
207290
316746
76168
352536
381730
207756
336385
383956
352812
74952
76007
320617
145447
313268
272655
326889
395382
44575
271301
237414
137593
230658
106299
316655
182461
262864
224069
172697
152241
344399
29799
174698
9331
171726
4692
391059
371298
338398
185212
51579
291592
294304
405035
400015
267120
434792
484006
156535
331871
24941
297995
268132
159289
49731
262556
206990
470720
132102
362973
190943
207018
337996
408494
242932
323655
24040
452824
71960
48611
198196
449887
198873
31571
354922
295767
201932
289714
168918
309401
129301
248651
62804
146818
405752
120519
334832
407965
1750
186951
208158
154850
420552
200161
431848
6131
449543
336394
332511
72113
362926
271556
275733
483801
140357
391126
45430
478553
17867
406443
376730
239463
126156
203805
3846
113140
200007
4815
458325
275918
486727
103250
123786
227214
469738
161102
317685
7516
405534
311574
16480
240333
327915
41801
159180
484512
432925
332443
245565
353070
250668
8124
444592
311224
438318
149290
215507
148676
6368
86862
36292
70037
395773
203182
299971
77146
85374
117655
262342
333778
423898
83450
102237
183247
89013
61328
372016
163046
61349
32845
411322
18202
117801
72323
100664
59203
237458
340295
114278
472018
1570
320317
337961
397039
90236
15105
185592
54845
200835
245339
350769
144195
123028
90554
427783
336597
40029
64418
260134
86832
339360
39337
105033
160147
140640
38536
77895
280959
89687
97372
98933
222236
69035
304640
226179
371810
220742
21845
247721
322678
267183
21591
45385
72407
473954
428253
117675
250018
315636
434727
142033
73984
209311
36505
378990
90339
154849
324674
485774
81158
86059
426256
188643
278447
216036
162364
413787
430567
40758
278464
400027
339311
336159
143395
278359
48116
319732
220276
183882
385875
41292
269294
88118
132089
16358
240809
265177
7829
211897
481856
38120
222180
408112
69053
333503
301747
2256
497963
326674
38196
398999
72432
230534
235157
371074
296365
304901
213048
85390
56244
208100
14326
52211
137502
37365
234334
175220
51038
153098
181841
32893
345351
100659
499127
171506
77584
59928
428072
157769
488126
36523
28436
7205
32628
114049
198968
294343
269747
273343
290869
499684
484177
29619
25193
276368
400797
141224
156975
451833
497250
181747
241828
53852
459112
350157
150010
275319
48351
31500
143360
189100
12090
430420
15057
160536
265187
205527
388035
34934
235656
289183
10465
105283
161221
84653
255518
165874
91195
18403
328909
44709
98088
340960
452237
322604
209813
350229
429152
72665
235855
332931
241603
355884
106286
157442
421560
280362
253463
180786
163201
48473
234085
460374
222076
436805
407242
496579
229017
281950
210123
478360
326658
159620
248241
297263
377305
116132
176246
100873
337111
357478
263631
305768
84784
156320
130163
187645
314195
493830
35046
163252
178601
66390
48974
180445
393304
486410
7263
100712
170772
49798
468276
491106
58545
84414
311222
380880
298426
389487
332005
29987
258003
33636
259110
263112
231529
146375
57243
45723
384313
172393
208144
490773
195712
291408
63417
84914
180230
89436
167192
68876
302268
48882
89000
495889
65638
260985
376768
419982
349786
213304
227099
148252
20659
466180
405080
235908
414144
391933
292894
9860
264837
45210
377132
402373
147350
342056
65517
228067
163134
77790
245972
89090
160987
78517
236505
426448
362993
352261
485601
235955
119472
118222
68381
69254
440817
473459
84758
336223
272988
271207
274733
400575
25700
335167
151338
228077
170521
142680
20606
425067
333849
382958
312757
293203
145104
16880
131147
86204
126808
268328
191244
233624
224059
164614
171079
320320
63260
341846
130793
20274
238716
312491
330824
303887
300495
167957
492456
94616
248393
313296
22842
490842
370369
375027
141707
261518
329389
105570
153083
57328
380294
47500
472204
147041
49513
497274
357098
413005
366831
283984
25230
66955
383596
326259
373875
260692
356540
441007
92089
20411
221135
211128
50659
270382
136905
181216
180858
45894
56064
29786
51574
485631
492989
92216
389773
464432
176772
114235
82409
53573
469488
436366
337036
325971
284389
432819
133469
375457
438803
469193
241942
237776
171293
38607
45791
12688
357090
19414
282784
358639
117800
273111
7653
364295
209016
32917
487286
330190
55972
169156
334014
331967
363913
342942
379137
243026
97731
290279
183767
147095
265456
77890
256876
479006
105910
404032
287443
489353
486111
186341
244748
300027
33327
40523
38832
20446
53128
209989
40706
157120
199678
202976
184701
24753
303644
28292
407549
210321
43907
358774
333194
126284
436663
124703
447454
328017
405144
55777
289027
6666
376600
331430
146828
217939
100584
217368
42482
390315
285310
148578
440665
225557
304404
111366
226843
75663
49929
221988
263634
179953
337863
353930
251884
274526
105055
357172
440564
234555
170051
393705
318056
54759
14447
421584
178623
142115
456858
469314
184528
61818
56784
25163
203459
229864
78647
178047
66852
391200
490731
390208
11276
303837
476200
319230
103119
104792
373353
352629
112398
304585
54747
276635
416348
412070
86392
488948
455529
374396
50425
459710
18482
305425
197065
331153
494469
116415
226487
113504
343675
60610
159964
186866
181714
13361
312681
163134
162678
5873
97553
209234
160448
409400
358087
345175
196714
50440
302018
218928
193251
115123
303525
210893
456217
174328
121880
317808
61153
310065
337739
479640
13537
314926
325016
265070
372812
442966
189821
213015
235671
431396
486860
116566
113743
193924
223837
106539
163828
46681
297760
114181
341990
28688
82175
136850
315116
73078
427817
232734
431439
476367
1671
277433
291292
135979
58745
421206
23812
24463
213796
236425
341180
200656
38480
275444
58633
255747
385776
152360
433871
117372
61660
437887
262821
348713
11811
188246
223125
133801
420978
176144
362797
96096
147894
415663
323880
72674
60371
251347
418998
422757
301453
121611
362945
354850
108742
482747
468844
184406
135106
352167
183878
81016
156142
9589
305837
337509
19841
22385
226584
84770
437652
302288
133923
233470
11342
120411
245006
218572
67501
202357
361343
123105
440159
150189
104217
306002
188712
106049
247509
282245
160546
62440
72591
242546
151137
314645
116165
352007
74991
61537
388236
278588
414318
471471
361995
397567
100476
8565
273867
379494
150441
94153
496366
347701
179959
305717
61130
63048
176993
401211
41957
156533
220752
207504
342531
444404
170157
424634
88897
127970
251397
183065
162517
165714
204404
408777
348474
255011
15777
122340
75216
423319
52179
91169
470473
12893
160715
424720
329340
195923
325930
140089
197883
46682
217040
297515
280529
274850
120910
43336
285943
137570
415802
292321
86975
201744
498604
10059
122451
435816
287806
388486
437698
207211
148599
354732
283925
45970
166526
235759
453904
216468
79365
222474
493326
220647
15405
453023
495496
93240
285754
300285
260336
310740
128367
349883
186103
384072
65636
268551
21204
335682
303300
37662
291563
142749
59069
136751
344506
67832
112616
160979
423175
321555
107225
222382
206318
125763
62183
458915
398160
96412
396019
407664
38473
470454
348541
139079
24098
37949
166829
92921
472481
23018
272900
417213
251851
173559
311065
1576
28813
159633
214556
254047
14246
164065
272959
372769
250840
73027
14086
177154
139535
343343
70459
306129
483368
109971
317086
7465
142839
158174
68005
224264
284788
192390
185702
316167
327567
253868
57761
87756
434649
112649
53078
343999
219289
473177
355456
395067
299208
87445
249865
441460
405997
19770
93044
389364
129740
351061
396828
174857
247824
341043
298168
414583
476064
240971
30232
107238
494838
354585
318594
467336
302889
100255
286018
493205
73997
261558
131796
484044
324212
261971
267036
239585
281740
131497
115819
82868
410622
30604
198260
124023
350456
496426
69118
218139
169433
154401
37040
161372
129862
282065
81509
263051
426300
209437
72145
232913
194028
13956
165656
306484
223948
41239
319358
119847
172735
55825
278114
205686
249418
181649
285858
264910
71603
316049
404909
242814
87348
79256
227939
285053
57096
418066
236847
35543
381678
25290
37941
328499
55904
216877
427535
394725
353381
378637
104560
283217
126186
140974
488902
364168
3472
284284
289295
403511
153443
482009
255655
48639
292869
203708
489128
349965
2433
283281
412094
40439
133110
189222
92032
52434
414236
126552
438165
12376
419274
70904
414455
216348
22909
158980
366665
253078
234690
493473
294595
146601
27813
347087
195708
77784
44120
360615
22629
131908
389602
207761
484961
215094
81065
30664
85646
323356
379796
272027
156353
328018
273780
470143
301467
3467
282173
139083
418645
11289
441989
470313
428014
343977
138829
57725
209944
76873
117461
202607
139414
499221
470845
34094
369851
390555
397910
384175
213911
392248
346093
180696
409591
88535
37099
87917
393362
172420
350139
87776
103457
292128
498746
288711
19030
36778
103538
323715
462322
343332
343330
466615
85067
156829
358979
77710
47383
296946
499620
101366
261560
126969
442522
171150
391631
288303
188039
267810
319334
484252
104510
85411
59756
102013
468602
60747
344863
27861
138523
316553
109201
227371
55314
453577
365701
399247
424495
65822
69283
463566
455057
97895
57853
31786
315361
224216
378044
408352
50100
373199
397799
270893
377268
193577
272067
102972
8384
19030
432212
78184
335072
8184
112880
375340
154674
151862
143521
181394
285477
286199
292290
75273
6634
231135
239750
96401
319863
117793
1768
46950
72272
101586
79704
449539
141067
374235
309612
136533
398282
368407
418382
12060
377894
328597
355695
199872
24046
178719
351844
24330
201484
354569
477013
176702
267525
108257
168765
124991
351648
326281
214450
482811
295086
240706
432118
238075
196721
117171
159064
407623
50670
334548
329154
37446
32714
45753
37630
404058
95147
230767
6995
19459
79472
386736
63985
117146
179251
267118
403384
100730
379725
18481
72138
18421
124882
137049
120841
206421
361511
118364
114043
317538
72424
26353
220991
36732
491047
164859
133208
323515
95102
288962
475499
265065
19167
144866
456312
354947
257385
301285
318796
335136
491731
273745
353556
5482
40000
140107
315368
349265
353858
454554
117588
29542
396228
366534
163705
84359
305337
216620
259035
154294
47547
52189
199602
480345
327153
250583
43126
397664
243855
36899
205104
21543
465480
170881
155634
102846
223638
219745
247896
294566
343219
334361
452317
362651
278149
379225
115129
39382
137810
35310
452046
168955
55707
356838
165700
65159
306425
298374
30022
483992
268881
37111
155487
119839
483573
418270
406241
425098
184401
309692
202641
122214
383030
38194
194154
263480
348859
186122
382618
432545
17374
67676
194256
84621
40920
163382
183283
77227
38671
148920
318321
360397
179585
80957
29853
384186
236072
77496
67242
427843
117539
346091
433019
411971
496154
405813
396816
384367
406217
326517
196694
468636
9734
272409
