Teste 1
16

Teste 2
17

Teste 3
102

Teste 4
65

Teste 5
85

Teste 6
65

Teste 7
24

Teste 8
36

Teste 9
55

Teste 10
24

Teste 11
71

Teste 12
124

Teste 13
19

Teste 14
94

Teste 15
102

Teste 16
82

Teste 17
55

Teste 18
17

Teste 19
24

Teste 20
70

Teste 21
53

Teste 22
30

Teste 23
35

Teste 24
110

Teste 25
19

Teste 26
90

Teste 27
19

Teste 28
53

Teste 29
25

Teste 30
63

Teste 31
117

Teste 32
70

Teste 33
83

Teste 34
0

Teste 35
58

Teste 36
7

Teste 37
25

Teste 38
89

Teste 39
30

Teste 40
130

Teste 41
64

Teste 42
81

Teste 43
105

Teste 44
73

Teste 45
85

Teste 46
48

Teste 47
0

Teste 48
171

Teste 49
136

Teste 50
85

Teste 51
7

Teste 52
60

Teste 53
80

Teste 54
136

Teste 55
14

Teste 56
0

Teste 57
41

Teste 58
177

Teste 59
10

Teste 60
66

Teste 61
72

Teste 62
266

Teste 63
285

Teste 64
32

Teste 65
118

Teste 66
268

Teste 67
266

Teste 68
188

Teste 69
230

Teste 70
211

Teste 71
258

Teste 72
186

Teste 73
284

Teste 74
179

Teste 75
253

Teste 76
93

Teste 77
41

Teste 78
88

Teste 79
144

Teste 80
247

Teste 81
81

Teste 82
46

Teste 83
127

Teste 84
81

Teste 85
82

Teste 86
253

Teste 87
202

Teste 88
122

Teste 89
108

Teste 90
73

Teste 91
289

Teste 92
105

Teste 93
231

Teste 94
104

Teste 95
197

Teste 96
137

Teste 97
97

Teste 98
67

Teste 99
65

Teste 100
116

Teste 101
39

Teste 102
113

Teste 103
86

Teste 104
153

Teste 105
23

Teste 106
222

Teste 107
159

Teste 108
66

Teste 109
109

Teste 110
17

Teste 111
19

Teste 112
45

Teste 113
194

Teste 114
101

Teste 115
58

Teste 116
220

Teste 117
293

Teste 118
185

Teste 119
197

Teste 120
63

Teste 121
131

Teste 122
140

Teste 123
146

Teste 124
235

Teste 125
196

Teste 126
0

Teste 127
174

Teste 128
205

Teste 129
109

Teste 130
264

Teste 131
102

Teste 132
121

Teste 133
96

Teste 134
47

Teste 135
168

Teste 136
183

Teste 137
297

Teste 138
217

Teste 139
64

Teste 140
276

Teste 141
164

Teste 142
306

Teste 143
24

Teste 144
281

Teste 145
104

Teste 146
222

Teste 147
259

Teste 148
303

Teste 149
155

Teste 150
66

Teste 151
231

Teste 152
12

Teste 153
48

Teste 154
187

Teste 155
317

Teste 156
233

Teste 157
51

Teste 158
39

Teste 159
128

Teste 160
312

Teste 161
280

Teste 162
170

Teste 163
110

Teste 164
70

Teste 165
17

Teste 166
317

Teste 167
56

Teste 168
137

Teste 169
181

Teste 170
133

Teste 171
135

Teste 172
124

Teste 173
320

Teste 174
236

Teste 175
130

Teste 176
382

Teste 177
170

Teste 178
371

Teste 179
172

Teste 180
25

Teste 181
147

Teste 182
278

Teste 183
75

Teste 184
274

Teste 185
156

Teste 186
294

Teste 187
102

Teste 188
157

Teste 189
52

Teste 190
223

Teste 191
14

Teste 192
277

Teste 193
160

Teste 194
145

Teste 195
311

Teste 196
24

Teste 197
115

Teste 198
22

Teste 199
190

Teste 200
80

Teste 201
49

Teste 202
163

Teste 203
25

Teste 204
274

Teste 205
197

Teste 206
153

Teste 207
86

Teste 208
113

Teste 209
138

Teste 210
41

Teste 211
315

Teste 212
275

Teste 213
79

Teste 214
133

Teste 215
264

Teste 216
219

Teste 217
267

Teste 218
152

Teste 219
190

Teste 220
154

Teste 221
155

Teste 222
25

Teste 223
88

Teste 224
21

Teste 225
302

Teste 226
21

Teste 227
152

Teste 228
192

Teste 229
199

Teste 230
215

Teste 231
16

Teste 232
84

Teste 233
28

Teste 234
207

Teste 235
213

Teste 236
141

Teste 237
58

Teste 238
256

Teste 239
194

Teste 240
32

Teste 241
57

Teste 242
81

Teste 243
201

Teste 244
40

Teste 245
91

Teste 246
93

Teste 247
190

Teste 248
196

Teste 249
250

Teste 250
158

Teste 251
162

Teste 252
173

Teste 253
73

Teste 254
221

Teste 255
205

Teste 256
143

Teste 257
109

Teste 258
23

Teste 259
107

Teste 260
55

Teste 261
8

Teste 262
18

Teste 263
10

Teste 264
44

Teste 265
291

Teste 266
66

Teste 267
53

Teste 268
158

Teste 269
97

Teste 270
160

Teste 271
107

Teste 272
166

Teste 273
57

Teste 274
126

Teste 275
245

Teste 276
187

Teste 277
197

Teste 278
72

Teste 279
11

Teste 280
132

Teste 281
64

Teste 282
1

Teste 283
198

Teste 284
196

Teste 285
291

Teste 286
56

Teste 287
309

Teste 288
349

Teste 289
79

Teste 290
114

Teste 291
234

Teste 292
28

Teste 293
222

Teste 294
160

Teste 295
145

Teste 296
173

Teste 297
29

Teste 298
112

Teste 299
143

Teste 300
195

Teste 301
117

Teste 302
147

Teste 303
16

Teste 304
190

Teste 305
66

Teste 306
164

Teste 307
56

Teste 308
49

Teste 309
122

Teste 310
265

Teste 311
62

Teste 312
211

Teste 313
221

Teste 314
46

Teste 315
135

Teste 316
0

Teste 317
220

Teste 318
192

Teste 319
116

Teste 320
158

Teste 321
251

Teste 322
138

Teste 323
61

Teste 324
66

Teste 325
43

Teste 326
194

Teste 327
98

Teste 328
196

Teste 329
304

Teste 330
50

Teste 331
24

Teste 332
102

Teste 333
249

Teste 334
152

Teste 335
116

Teste 336
4

Teste 337
5

Teste 338
101

Teste 339
198

Teste 340
10

Teste 341
159

Teste 342
45

Teste 343
58

Teste 344
188

Teste 345
180

Teste 346
158

Teste 347
211

Teste 348
84

Teste 349
238

Teste 350
146

Teste 351
11

Teste 352
166

Teste 353
215

Teste 354
59

Teste 355
14

Teste 356
54

Teste 357
179

Teste 358
164

Teste 359
62

Teste 360
48

Teste 361
224

Teste 362
98

Teste 363
206

Teste 364
101

Teste 365
198

Teste 366
104

Teste 367
59

Teste 368
83

Teste 369
122

Teste 370
41

Teste 371
198

Teste 372
31

Teste 373
201

Teste 374
240

Teste 375
121

Teste 376
9

Teste 377
63

Teste 378
32

Teste 379
204

Teste 380
114

Teste 381
197

Teste 382
101

Teste 383
85

Teste 384
19

Teste 385
195

Teste 386
169

Teste 387
29

Teste 388
131

Teste 389
135

Teste 390
116

Teste 391
140

Teste 392
258

Teste 393
18

Teste 394
263

Teste 395
106

Teste 396
170

Teste 397
62

Teste 398
219

Teste 399
196

Teste 400
144

Teste 401
39

Teste 402
181

Teste 403
109

Teste 404
10

Teste 405
217

Teste 406
68

Teste 407
191

Teste 408
264

Teste 409
182

Teste 410
121

Teste 411
114

Teste 412
127

Teste 413
284

Teste 414
187

Teste 415
44

Teste 416
155

Teste 417
28

Teste 418
189

Teste 419
10

Teste 420
260

Teste 421
70

Teste 422
276

Teste 423
23

Teste 424
96

Teste 425
35

Teste 426
306

Teste 427
115

Teste 428
248

Teste 429
143

Teste 430
149

Teste 431
244

Teste 432
96

Teste 433
181

Teste 434
275

Teste 435
266

Teste 436
125

Teste 437
103

Teste 438
215

Teste 439
222

Teste 440
190

Teste 441
238

Teste 442
55

Teste 443
16

Teste 444
124

Teste 445
118

Teste 446
68

Teste 447
20

Teste 448
60

Teste 449
115

Teste 450
131

Teste 451
92

Teste 452
242

Teste 453
98

Teste 454
154

Teste 455
188

Teste 456
201

Teste 457
105

Teste 458
158

Teste 459
179

Teste 460
239

Teste 461
170

Teste 462
286

Teste 463
94

Teste 464
166

Teste 465
134

Teste 466
101

Teste 467
100

Teste 468
110

Teste 469
32

Teste 470
184

Teste 471
187

Teste 472
123

Teste 473
279

Teste 474
145

Teste 475
158

Teste 476
41

Teste 477
60

Teste 478
25

Teste 479
218

Teste 480
104

Teste 481
141

Teste 482
180

Teste 483
211

Teste 484
106

Teste 485
215

Teste 486
37

Teste 487
6

Teste 488
132

Teste 489
142

Teste 490
0

Teste 491
96

Teste 492
179

Teste 493
27

Teste 494
156

Teste 495
112

Teste 496
215

Teste 497
154

Teste 498
128

Teste 499
77

Teste 500
46

Teste 501
37

Teste 502
289

Teste 503
34

Teste 504
91

Teste 505
153

Teste 506
90

Teste 507
193

Teste 508
184

Teste 509
92

Teste 510
279

Teste 511
133

Teste 512
178

Teste 513
62

Teste 514
204

Teste 515
230

Teste 516
44

Teste 517
133

Teste 518
249

Teste 519
130

Teste 520
79

Teste 521
93

Teste 522
69

Teste 523
19

Teste 524
141

Teste 525
149

Teste 526
137

Teste 527
156

Teste 528
249

Teste 529
81

Teste 530
35

Teste 531
22

Teste 532
166

Teste 533
169

Teste 534
232

Teste 535
173

Teste 536
185

Teste 537
290

Teste 538
198

Teste 539
125

Teste 540
46

Teste 541
91

Teste 542
314

Teste 543
236

Teste 544
226

Teste 545
174

Teste 546
32

Teste 547
56

Teste 548
232

Teste 549
107

Teste 550
35

Teste 551
86

Teste 552
147

Teste 553
67

Teste 554
118

Teste 555
114

Teste 556
128

Teste 557
143

Teste 558
25

Teste 559
177

Teste 560
53

Teste 561
182

Teste 562
173

Teste 563
94

Teste 564
44

Teste 565
234

Teste 566
96

Teste 567
38

Teste 568
241

Teste 569
28

Teste 570
146

Teste 571
238

Teste 572
0

Teste 573
203

Teste 574
315

Teste 575
53

Teste 576
89

Teste 577
111

Teste 578
305

Teste 579
247

Teste 580
150

Teste 581
80

Teste 582
144

Teste 583
48

Teste 584
52

Teste 585
0

Teste 586
69

Teste 587
272

Teste 588
191

Teste 589
74

Teste 590
113

Teste 591
154

Teste 592
356

Teste 593
34

Teste 594
267

Teste 595
137

Teste 596
239

Teste 597
88

Teste 598
210

Teste 599
141

Teste 600
177

Teste 601
91

Teste 602
58

Teste 603
139

Teste 604
261

Teste 605
116

Teste 606
33

Teste 607
59

Teste 608
222

Teste 609
59

Teste 610
272

Teste 611
99

Teste 612
240

Teste 613
217

Teste 614
91

Teste 615
184

Teste 616
56

Teste 617
160

Teste 618
37

Teste 619
118

Teste 620
117

Teste 621
135

Teste 622
16

Teste 623
276

Teste 624
144

Teste 625
264

Teste 626
110

Teste 627
0

Teste 628
7

Teste 629
146

Teste 630
107

Teste 631
125

Teste 632
137

Teste 633
42

Teste 634
230

Teste 635
21

Teste 636
136

Teste 637
111

Teste 638
67

Teste 639
254

Teste 640
297

Teste 641
41

Teste 642
133

Teste 643
158

Teste 644
71

Teste 645
88

Teste 646
71

Teste 647
157

Teste 648
90

Teste 649
103

Teste 650
50

Teste 651
169

Teste 652
64

Teste 653
164

Teste 654
196

Teste 655
154

Teste 656
12

Teste 657
341

Teste 658
247

Teste 659
0

Teste 660
199

Teste 661
68

Teste 662
80

Teste 663
213

Teste 664
95

Teste 665
207

Teste 666
283

Teste 667
168

Teste 668
153

Teste 669
136

Teste 670
184

Teste 671
1

Teste 672
166

Teste 673
101

Teste 674
194

Teste 675
155

Teste 676
401

Teste 677
207

Teste 678
90

Teste 679
15

Teste 680
58

Teste 681
54

Teste 682
351

Teste 683
167

Teste 684
328

Teste 685
12

Teste 686
64

Teste 687
27

Teste 688
113

Teste 689
174

Teste 690
34

Teste 691
183

Teste 692
36

Teste 693
91

Teste 694
77

Teste 695
319

Teste 696
250

Teste 697
84

Teste 698
260

Teste 699
185

Teste 700
0

Teste 701
156

Teste 702
94

Teste 703
221

Teste 704
120

Teste 705
75

Teste 706
135

Teste 707
233

Teste 708
186

Teste 709
0

Teste 710
223

Teste 711
214

Teste 712
181

Teste 713
142

Teste 714
0

Teste 715
227

Teste 716
133

Teste 717
155

Teste 718
173

Teste 719
159

Teste 720
128

Teste 721
34

Teste 722
178

Teste 723
12

Teste 724
127

Teste 725
76

Teste 726
227

Teste 727
240

Teste 728
154

Teste 729
212

Teste 730
148

Teste 731
69

Teste 732
140

Teste 733
235

Teste 734
49

Teste 735
44

Teste 736
65

Teste 737
89

Teste 738
58

Teste 739
60

Teste 740
177

Teste 741
76

Teste 742
194

Teste 743
247

Teste 744
103

Teste 745
72

Teste 746
26

Teste 747
20

Teste 748
54

Teste 749
101

Teste 750
148

Teste 751
110

Teste 752
215

Teste 753
57

Teste 754
156

Teste 755
229

Teste 756
134

Teste 757
212

Teste 758
171

Teste 759
123

Teste 760
19

Teste 761
110

Teste 762
37

Teste 763
97

Teste 764
189

Teste 765
123

Teste 766
245

Teste 767
66

Teste 768
199

Teste 769
272

Teste 770
50

Teste 771
194

Teste 772
58

Teste 773
302

Teste 774
105

Teste 775
255

Teste 776
111

Teste 777
338

Teste 778
210

Teste 779
257

Teste 780
74

Teste 781
169

Teste 782
79

Teste 783
0

Teste 784
126

Teste 785
8

Teste 786
152

Teste 787
247

Teste 788
162

Teste 789
320

Teste 790
120

Teste 791
13

Teste 792
89

Teste 793
54

Teste 794
4

Teste 795
170

Teste 796
73

Teste 797
219

Teste 798
108

Teste 799
236

Teste 800
291

Teste 801
85

Teste 802
160

Teste 803
89

Teste 804
143

Teste 805
189

Teste 806
123

Teste 807
38

Teste 808
135

Teste 809
360

Teste 810
164

Teste 811
73

Teste 812
215

Teste 813
153

Teste 814
60

Teste 815
177

Teste 816
326

Teste 817
13

Teste 818
220

Teste 819
35

Teste 820
34

Teste 821
20

Teste 822
98

Teste 823
0

Teste 824
142

Teste 825
31

Teste 826
13

Teste 827
136

Teste 828
229

Teste 829
78

Teste 830
101

Teste 831
215

Teste 832
46

Teste 833
150

Teste 834
109

Teste 835
143

Teste 836
179

Teste 837
204

Teste 838
67

Teste 839
210

Teste 840
275

Teste 841
105

Teste 842
228

Teste 843
14

Teste 844
24

Teste 845
178

Teste 846
58

Teste 847
33

Teste 848
211

Teste 849
166

Teste 850
218

Teste 851
82

Teste 852
96

Teste 853
245

Teste 854
188

Teste 855
116

Teste 856
94

Teste 857
34

Teste 858
5

Teste 859
226

Teste 860
181

Teste 861
75

Teste 862
265

Teste 863
66

Teste 864
190

Teste 865
133

Teste 866
158

Teste 867
15

Teste 868
269

Teste 869
86

Teste 870
32

Teste 871
235

Teste 872
270

Teste 873
213

Teste 874
180

Teste 875
68

Teste 876
20

Teste 877
264

Teste 878
162

Teste 879
256

Teste 880
32

Teste 881
194

Teste 882
119

Teste 883
4

Teste 884
77

Teste 885
54

Teste 886
232

Teste 887
65

Teste 888
187

Teste 889
201

Teste 890
198

Teste 891
203

Teste 892
206

Teste 893
21

Teste 894
26

Teste 895
213

Teste 896
10

Teste 897
31

Teste 898
309

Teste 899
280

Teste 900
139

Teste 901
210

Teste 902
318

Teste 903
38

Teste 904
81

Teste 905
63

Teste 906
142

Teste 907
169

Teste 908
159

Teste 909
190

Teste 910
17

Teste 911
112

Teste 912
0

Teste 913
25

Teste 914
171

Teste 915
0

Teste 916
124

Teste 917
254

Teste 918
196

Teste 919
103

Teste 920
160

Teste 921
72

Teste 922
95

Teste 923
104

Teste 924
179

Teste 925
60

Teste 926
34

Teste 927
262

Teste 928
32

Teste 929
206

Teste 930
228

Teste 931
147

Teste 932
1

Teste 933
226

Teste 934
154

Teste 935
129

Teste 936
15

Teste 937
267

Teste 938
75

Teste 939
32

Teste 940
123

Teste 941
214

Teste 942
80

Teste 943
93

Teste 944
169

Teste 945
242

Teste 946
206

Teste 947
103

Teste 948
168

Teste 949
82

Teste 950
188

Teste 951
30

Teste 952
159

Teste 953
225

Teste 954
25

Teste 955
172

Teste 956
67

Teste 957
138

Teste 958
88

Teste 959
82

Teste 960
248

Teste 961
69

Teste 962
83

Teste 963
182

Teste 964
83

Teste 965
157

Teste 966
63

Teste 967
116

Teste 968
42

Teste 969
297

Teste 970
48

Teste 971
46

Teste 972
287

Teste 973
163

Teste 974
179

Teste 975
117

Teste 976
35

Teste 977
23

Teste 978
103

Teste 979
293

Teste 980
24

Teste 981
175

Teste 982
296

Teste 983
176

Teste 984
178

Teste 985
74

Teste 986
128

Teste 987
67

Teste 988
73

Teste 989
191

Teste 990
234

Teste 991
218

Teste 992
40

Teste 993
82

Teste 994
283

Teste 995
176

Teste 996
214

Teste 997
27

Teste 998
94

Teste 999
231

Teste 1000
121

Teste 1001
84

Teste 1002
231

Teste 1003
0

Teste 1004
67

Teste 1005
34

Teste 1006
39

Teste 1007
106

Teste 1008
86

Teste 1009
80

Teste 1010
222

Teste 1011
17

Teste 1012
342

Teste 1013
98

Teste 1014
148

Teste 1015
106

Teste 1016
145

Teste 1017
201

Teste 1018
31

Teste 1019
40

Teste 1020
133

Teste 1021
55

Teste 1022
245

Teste 1023
233

Teste 1024
16

Teste 1025
152

Teste 1026
214

Teste 1027
0

Teste 1028
105

Teste 1029
238

Teste 1030
129

Teste 1031
193

Teste 1032
89

Teste 1033
240

Teste 1034
336

Teste 1035
28

Teste 1036
38

Teste 1037
101

Teste 1038
187

Teste 1039
259

Teste 1040
133

Teste 1041
89

Teste 1042
153

Teste 1043
67

Teste 1044
223

Teste 1045
113

Teste 1046
149

Teste 1047
7

Teste 1048
113

Teste 1049
103

Teste 1050
16

Teste 1051
58

Teste 1052
0

Teste 1053
140

Teste 1054
40

Teste 1055
135

Teste 1056
97

Teste 1057
272

Teste 1058
179

Teste 1059
145

Teste 1060
235

Teste 1061
234

Teste 1062
148

Teste 1063
50

Teste 1064
245

Teste 1065
56

Teste 1066
135

Teste 1067
22

Teste 1068
21

Teste 1069
1

Teste 1070
196

Teste 1071
167

Teste 1072
198

Teste 1073
51

Teste 1074
21

Teste 1075
131

Teste 1076
115

Teste 1077
160

Teste 1078
200

Teste 1079
153

Teste 1080
229

Teste 1081
15

Teste 1082
201

Teste 1083
105

Teste 1084
130

Teste 1085
157

Teste 1086
238

Teste 1087
309

Teste 1088
95

Teste 1089
65

Teste 1090
182

Teste 1091
149

Teste 1092
113

Teste 1093
213

Teste 1094
261

Teste 1095
240

Teste 1096
283

Teste 1097
210

Teste 1098
143

Teste 1099
149

Teste 1100
74

Teste 1101
281

Teste 1102
11

Teste 1103
33

Teste 1104
239

Teste 1105
253

Teste 1106
150

Teste 1107
167

Teste 1108
98

Teste 1109
223

Teste 1110
122

Teste 1111
147

Teste 1112
241

Teste 1113
64

Teste 1114
196

Teste 1115
94

Teste 1116
69

Teste 1117
219

Teste 1118
294

Teste 1119
318

Teste 1120
44

Teste 1121
88

Teste 1122
128

Teste 1123
322

Teste 1124
195

Teste 1125
206

Teste 1126
228

Teste 1127
158

Teste 1128
249

Teste 1129
115

Teste 1130
212

Teste 1131
217

Teste 1132
94

Teste 1133
257

Teste 1134
159

Teste 1135
113

Teste 1136
123

Teste 1137
223

Teste 1138
62

Teste 1139
47

Teste 1140
126

Teste 1141
109

Teste 1142
292

Teste 1143
144

Teste 1144
153

Teste 1145
221

Teste 1146
129

Teste 1147
199

Teste 1148
253

Teste 1149
275

Teste 1150
15

Teste 1151
201

Teste 1152
108

Teste 1153
213

Teste 1154
55

Teste 1155
60

Teste 1156
23

Teste 1157
0

Teste 1158
188

Teste 1159
1

Teste 1160
12

Teste 1161
124

Teste 1162
163

Teste 1163
149

Teste 1164
233

Teste 1165
64

Teste 1166
83

Teste 1167
148

Teste 1168
155

Teste 1169
101

Teste 1170
198

Teste 1171
107

Teste 1172
346

Teste 1173
118

Teste 1174
44

Teste 1175
37

Teste 1176
30

Teste 1177
37

Teste 1178
153

Teste 1179
38

Teste 1180
197

Teste 1181
139

Teste 1182
91

Teste 1183
58

Teste 1184
63

Teste 1185
186

Teste 1186
220

Teste 1187
155

Teste 1188
53

Teste 1189
34

Teste 1190
326

Teste 1191
117

Teste 1192
116

Teste 1193
176

Teste 1194
228

Teste 1195
168

Teste 1196
183

Teste 1197
51

Teste 1198
110

Teste 1199
108

Teste 1200
197

Teste 1201
78

Teste 1202
23

Teste 1203
234

Teste 1204
169

Teste 1205
58

Teste 1206
116

Teste 1207
75

Teste 1208
248

Teste 1209
19

Teste 1210
294

Teste 1211
192

Teste 1212
145

Teste 1213
91

Teste 1214
218

Teste 1215
0

Teste 1216
175

Teste 1217
264

Teste 1218
283

Teste 1219
140

Teste 1220
47

Teste 1221
231

Teste 1222
140

Teste 1223
69

Teste 1224
195

Teste 1225
36

Teste 1226
309

Teste 1227
305

Teste 1228
98

Teste 1229
40

Teste 1230
152

Teste 1231
233

Teste 1232
237

Teste 1233
175

Teste 1234
49

Teste 1235
150

Teste 1236
170

Teste 1237
172

Teste 1238
186

Teste 1239
390

Teste 1240
97

Teste 1241
248

Teste 1242
229

Teste 1243
122

Teste 1244
163

Teste 1245
57

Teste 1246
96

Teste 1247
37

Teste 1248
118

Teste 1249
148

Teste 1250
170

Teste 1251
124

Teste 1252
161

Teste 1253
130

Teste 1254
17

Teste 1255
234

Teste 1256
195

Teste 1257
70

Teste 1258
210

Teste 1259
158

Teste 1260
144

Teste 1261
76

Teste 1262
140

Teste 1263
240

Teste 1264
179

Teste 1265
37

Teste 1266
165

Teste 1267
155

Teste 1268
303

Teste 1269
35

Teste 1270
0

Teste 1271
159

Teste 1272
136

Teste 1273
134

Teste 1274
93

Teste 1275
30

Teste 1276
226

