77507
9728
190511
261631
999741
351561
15233
38635
13114
604101
52929
240711
552511
655331
777171
83872
47568
651141
83126
28351
12299
90338
581961
82078
75591
12009
7926
846701
641741
74819
730631
67425
44054
333121
35963
53167
79847
323221
27379
59248
50241
916711
45552
698001
988631
41739
67157
316301
29406
63008
793031
394401
2558
73845
60307
89397
566401
510101
703711
51906
97454
16406
194511
21311
28478
26111
61344
926341
278711
38394
89682
810321
76047
667491
21111
74615
71718
7209
24536
70542
76866
99918
4875
35969
71653
93036
79206
358301
54839
53901
25814
31426
179851
485701
20295
791021
53669
70328
149651
309631
97115
406731
68109
739821
517011
989041
452281
118861
28738
386421
43201
21676
27241
554831
61789
606741
978271
78814
622611
84338
650911
48407
663801
24791
40731
903911
546
549151
66459
33283
57904
65894
86055
57201
69026
27976
304701
57218
42327
246581
90802
7735
187571
35991
38669
82307
47041
180141
48069
52361
94426
42231
70416
265301
41921
98466
452061
884311
215621
356801
84239
235031
56171
659741
245011
49346
43879
7008
24786
932511
78363
983221
53431
38503
20107
64601
81163
53189
41529
184451
5821
27394
716001
54138
69479
587641
74893
68875
80238
560921
4917
19411
722561
95498
38704
297311
23173
355361
91994
69097
47208
997101
70206
51659
45601
48024
77297
44348
830861
304071
123611
36553
459661
19145
57631
91573
981201
371001
39508
22508
59878
43626
41571
45878
89038
666241
490971
59182
81628
80355
74182
40506
986381
38768
91501
547251
56169
416741
400911
5368
97256
65227
259921
19719
518651
737531
52877
318471
338
64001
924021
20876
34864
602251
659411
8787
18127
61689
887551
442511
9327
4028
307381
21982
84817
72009
48055
979191
67861
203011
94887
547241
52366
57944
462311
984121
63096
70187
62994
62528
84748
33594
98989
95048
43375
38075
721751
18526
661721
666261
21265
339451
6478
416701
57699
49182
85059
681931
722211
821641
94469
97735
52288
532311
463001
68554
87778
985231
53
78488
896351
55669
36634
78948
14477
960731
97877
685951
73657
7411
381031
709231
58031
322441
7817
16197
697241
87935
20596
773401
833471
26134
86865
933121
615401
473411
147041
54078
806821
652801
922411
45121
760131
516801
70795
94231
49339
618571
479111
56767
50099
29719
425751
32687
50806
188251
967721
90532
6432
8422
11578
598401
4527
40988
47125
97279
94074
69639
962221
33684
114731
9798
749511
47429
40117
1164
18157
64478
14718
499001
888621
89307
13311
69538
13897
311931
57916
58141
908821
363721
290541
442731
711401
15751
59381
44731
992511
352411
83171
86647
117101
62867
64348
56573
790751
44454
88629
762501
67339
26677
64006
236901
4111
37088
9866
314661
897151
62524
37428
85723
8975
80255
37049
49026
225231
92381
638831
46187
44477
8297
86351
1268
36615
56716
798401
645901
372571
30079
81299
2142
47211
782001
97906
138831
752331
53766
73956
360171
51372
50217
544251
435621
211611
7392
200311
65819
645711
73341
410471
728111
63268
93539
93051
74608
850751
4319
86821
989641
27032
73194
58578
20778
52172
382361
845431
61206
29408
51603
9666
56748
68031
38007
35311
70341
92577
32446
6587
323461
784501
36819
47151
6085
87998
17947
114231
412111
50819
90979
75527
73031
37392
858401
78823
32398
377311
28967
80689
46531
180661
11621
64309
483701
907201
48211
62241
9521
23113
257
455101
50669
622331
104621
70541
296801
12316
135611
665281
6443
601511
93664
9649
68239
30839
50401
14991
25398
439511
629401
20036
384251
959931
959
88249
819201
266921
601111
52697
793151
44729
1069
82935
16767
179861
35008
35174
102421
15292
12583
766311
60519
138841
70868
13704
78035
69758
405521
50338
15861
455101
624961
879811
5501
891401
23448
55291
18453
24956
25749
53561
794831
34195
31248
433341
4456
63459
21479
37982
3873
203461
34799
832501
696071
97426
454201
65955
38821
93326
21686
98257
14911
16519
348201
49299
476731
352141
93084
73767
58457
102771
52555
68357
97787
875411
845151
30898
483531
388051
21545
159801
5778
143401
9306
75783
468601
22105
16746
147831
937151
181011
17468
157411
228301
8955
6949
9897
440071
80194
517451
301751
480311
53991
933231
52613
345221
1795
30694
386201
438481
356341
468141
354341
35504
40267
51876
4308
25441
32203
840241
72873
9326
10905
23676
198401
43804
3526
30142
96184
945821
35088
2547
5553
83968
88619
837911
478861
789101
8729
600241
9928
17923
746811
14352
377901
46154
312541
811061
467781
47495
42131
798341
834431
789511
285961
986821
950421
31061
140301
47956
315201
9021
69062
58653
426801
14783
78042
788541
43622
34399
12364
828751
658
451971
291801
33677
1836
62755
49924
804011
573531
558281
751021
98008
96239
672421
95775
79243
803211
498201
943131
486051
27915
56488
563231
41598
956501
45611
935301
45502
15562
84009
172541
96701
42669
18311
80294
38673
52076
870101
96989
44129
20833
346201
9157
878901
356911
61546
44945
149451
118531
76731
334901
69623
532081
95469
993611
904221
18825
117801
806141
70134
77607
1079
547911
203171
11849
849501
52406
736441
99857
582601
44488
244721
37476
79081
36507
475211
226041
818111
65378
20221
6119
79028
756731
43596
382741
15909
1599
17169
51055
19547
321451
16401
19781
12061
62667
32117
781481
399131
56571
784221
33426
81868
35927
915501
18217
276711
76186
995041
952911
13716
90437
352
49335
47387
501231
27951
28068
92078
478941
784011
617601
76604
934321
937341
28165
948271
477721
553451
494111
92212
41845
434421
92198
53412
35413
39507
68361
795231
153151
843231
157041
683731
9227
409441
21908
23992
781051
65553
9056
8619
93078
19115
833331
823611
79801
549701
60463
37888
5249
474601
24553
20554
340001
99667
997231
95965
76894
15479
47694
616841
55635
35439
17886
83801
253741
1079
755621
84482
369531
137481
901411
624941
620441
1698
465361
43848
56719
325551
149851
26594
396801
27557
84476
79611
1088
888261
404411
43525
86595
26876
1719
94741
756531
827311
16762
771781
79224
44851
76804
42381
98586
480521
102151
288041
166411
811351
54188
519451
65889
78353
64629
27127
43219
686741
95565
559311
281451
462041
655111
75813
23308
41679
974121
516971
57453
21979
68454
3429
33364
70786
37962
73107
97996
583851
8538
148271
402071
709101
87111
4893
28099
245621
57855
366221
72141
646211
74294
980351
137411
86315
441401
96741
76969
921151
78435
69848
317531
20505
210961
604801
5369
272
52491
14521
475801
69028
52026
461181
70933
89659
70506
311
29428
537681
8396
52346
75517
231341
47008
648561
